{"/mnt/c/Users/Pichau/OneDrive/Documentos/Productivity Challenge/src/i18n.tsx": {"path":"/mnt/c/Users/Pichau/OneDrive/Documentos/Productivity Challenge/src/i18n.tsx","statementMap":{"0":{"start":{"line":5,"column":11},"end":{"line":135,"column":null}},"1":{"start":{"line":137,"column":47},"end":{"line":267,"column":null}},"2":{"start":{"line":269,"column":71},"end":{"line":269,"column":null}},"3":{"start":{"line":273,"column":50},"end":{"line":276,"column":null}},"4":{"start":{"line":284,"column":6},"end":{"line":288,"column":2}},"5":{"start":{"line":285,"column":12},"end":{"line":285,"column":null}},"6":{"start":{"line":291,"column":15},"end":{"line":292,"column":null}},"7":{"start":{"line":292,"column":4},"end":{"line":292,"column":null}},"8":{"start":{"line":296,"column":4},"end":{"line":296,"column":null}},"9":{"start":{"line":297,"column":4},"end":{"line":297,"column":null}},"10":{"start":{"line":300,"column":8},"end":{"line":300,"column":null}},"11":{"start":{"line":300,"column":35},"end":{"line":300,"column":null}},"12":{"start":{"line":302,"column":2},"end":{"line":302,"column":null}},"13":{"start":{"line":306,"column":2},"end":{"line":306,"column":null}}},"fnMap":{"0":{"name":"(anonymous_0)","decl":{"start":{"line":285,"column":2},"end":{"line":285,"column":5}},"loc":{"start":{"line":285,"column":12},"end":{"line":285,"column":null}},"line":285},"1":{"name":"(anonymous_1)","decl":{"start":{"line":287,"column":2},"end":{"line":287,"column":17}},"loc":{"start":{"line":287,"column":17},"end":{"line":287,"column":null}},"line":287},"2":{"name":"I18nProvider","decl":{"start":{"line":290,"column":16},"end":{"line":290,"column":29}},"loc":{"start":{"line":290,"column":68},"end":{"line":302,"column":null}},"line":290},"3":{"name":"(anonymous_3)","decl":{"start":{"line":291,"column":31},"end":{"line":291,"column":null}},"loc":{"start":{"line":292,"column":4},"end":{"line":292,"column":null}},"line":292},"4":{"name":"setLang","decl":{"start":{"line":295,"column":11},"end":{"line":295,"column":19}},"loc":{"start":{"line":295,"column":31},"end":{"line":297,"column":null}},"line":295},"5":{"name":"(anonymous_5)","decl":{"start":{"line":300,"column":8},"end":{"line":300,"column":13}},"loc":{"start":{"line":300,"column":35},"end":{"line":300,"column":null}},"line":300},"6":{"name":"useI18n","decl":{"start":{"line":305,"column":16},"end":{"line":305,"column":26}},"loc":{"start":{"line":305,"column":26},"end":{"line":306,"column":null}},"line":305}},"branchMap":{"0":{"loc":{"start":{"line":292,"column":4},"end":{"line":292,"column":null}},"type":"cond-expr","locations":[{"start":{"line":292,"column":44},"end":{"line":292,"column":51}},{"start":{"line":292,"column":51},"end":{"line":292,"column":null}}],"line":292}},"s":{"0":15,"1":15,"2":15,"3":15,"4":15,"5":0,"6":138,"7":138,"8":0,"9":0,"10":138,"11":2549,"12":138,"13":841},"f":{"0":0,"1":0,"2":138,"3":138,"4":0,"5":2549,"6":841},"b":{"0":[0,138]},"meta":{"lastBranch":1,"lastFunction":7,"lastStatement":14,"seen":{"s:5:11:135:Infinity":0,"s:137:47:267:Infinity":1,"s:269:71:269:Infinity":2,"s:273:50:276:Infinity":3,"s:284:6:288:2":4,"f:285:2:285:5":0,"s:285:12:285:Infinity":5,"f:287:2:287:17":1,"f:290:16:290:29":2,"s:291:15:292:Infinity":6,"f:291:31:291:Infinity":3,"s:292:4:292:Infinity":7,"b:292:44:292:51:292:51:292:Infinity":0,"f:295:11:295:19":4,"s:296:4:296:Infinity":8,"s:297:4:297:Infinity":9,"s:300:8:300:Infinity":10,"f:300:8:300:13":5,"s:300:35:300:Infinity":11,"s:302:2:302:Infinity":12,"f:305:16:305:26":6,"s:306:2:306:Infinity":13}}}
,"/mnt/c/Users/Pichau/OneDrive/Documentos/Productivity Challenge/src/components/App.tsx": {"path":"/mnt/c/Users/Pichau/OneDrive/Documentos/Productivity Challenge/src/components/App.tsx","statementMap":{"0":{"start":{"line":32,"column":20},"end":{"line":32,"column":null}},"1":{"start":{"line":37,"column":10},"end":{"line":37,"column":25}},"2":{"start":{"line":38,"column":150},"end":{"line":38,"column":183}},"3":{"start":{"line":41,"column":16},"end":{"line":41,"column":40}},"4":{"start":{"line":42,"column":15},"end":{"line":42,"column":101}},"5":{"start":{"line":43,"column":26},"end":{"line":43,"column":63}},"6":{"start":{"line":44,"column":22},"end":{"line":44,"column":55}},"7":{"start":{"line":45,"column":25},"end":{"line":46,"column":null}},"8":{"start":{"line":46,"column":10},"end":{"line":46,"column":null}},"9":{"start":{"line":48,"column":21},"end":{"line":48,"column":63}},"10":{"start":{"line":49,"column":24},"end":{"line":49,"column":80}},"11":{"start":{"line":50,"column":21},"end":{"line":50,"column":67}},"12":{"start":{"line":51,"column":23},"end":{"line":51,"column":71}},"13":{"start":{"line":52,"column":25},"end":{"line":52,"column":75}},"14":{"start":{"line":53,"column":22},"end":{"line":53,"column":55}},"15":{"start":{"line":56,"column":22},"end":{"line":56,"column":79}},"16":{"start":{"line":57,"column":26},"end":{"line":57,"column":63}},"17":{"start":{"line":58,"column":22},"end":{"line":58,"column":55}},"18":{"start":{"line":59,"column":25},"end":{"line":59,"column":75}},"19":{"start":{"line":60,"column":23},"end":{"line":60,"column":57}},"20":{"start":{"line":61,"column":25},"end":{"line":61,"column":57}},"21":{"start":{"line":64,"column":2},"end":{"line":64,"column":null}},"22":{"start":{"line":65,"column":8},"end":{"line":65,"column":42}},"23":{"start":{"line":66,"column":8},"end":{"line":66,"column":42}},"24":{"start":{"line":69,"column":2},"end":{"line":88,"column":null}},"25":{"start":{"line":70,"column":4},"end":{"line":87,"column":null}},"26":{"start":{"line":77,"column":6},"end":{"line":77,"column":null}},"27":{"start":{"line":78,"column":6},"end":{"line":78,"column":null}},"28":{"start":{"line":79,"column":6},"end":{"line":79,"column":null}},"29":{"start":{"line":80,"column":6},"end":{"line":82,"column":null}},"30":{"start":{"line":81,"column":22},"end":{"line":81,"column":64}},"31":{"start":{"line":81,"column":46},"end":{"line":81,"column":64}},"32":{"start":{"line":82,"column":8},"end":{"line":82,"column":null}},"33":{"start":{"line":82,"column":19},"end":{"line":82,"column":null}},"34":{"start":{"line":84,"column":6},"end":{"line":84,"column":null}},"35":{"start":{"line":84,"column":29},"end":{"line":84,"column":null}},"36":{"start":{"line":86,"column":6},"end":{"line":86,"column":null}},"37":{"start":{"line":90,"column":8},"end":{"line":90,"column":59}},"38":{"start":{"line":90,"column":16},"end":{"line":90,"column":54}},"39":{"start":{"line":92,"column":2},"end":{"line":102,"column":null}},"40":{"start":{"line":93,"column":4},"end":{"line":101,"column":null}},"41":{"start":{"line":97,"column":6},"end":{"line":97,"column":null}},"42":{"start":{"line":98,"column":6},"end":{"line":98,"column":null}},"43":{"start":{"line":100,"column":6},"end":{"line":100,"column":null}},"44":{"start":{"line":104,"column":8},"end":{"line":104,"column":63}},"45":{"start":{"line":104,"column":20},"end":{"line":104,"column":53}},"46":{"start":{"line":105,"column":8},"end":{"line":110,"column":42}},"47":{"start":{"line":105,"column":32},"end":{"line":109,"column":null}},"48":{"start":{"line":106,"column":24},"end":{"line":108,"column":null}},"49":{"start":{"line":108,"column":48},"end":{"line":108,"column":70}},"50":{"start":{"line":108,"column":80},"end":{"line":108,"column":87}},"51":{"start":{"line":112,"column":8},"end":{"line":119,"column":51}},"52":{"start":{"line":113,"column":4},"end":{"line":118,"column":7}},"53":{"start":{"line":114,"column":26},"end":{"line":114,"column":76}},"54":{"start":{"line":114,"column":54},"end":{"line":114,"column":76}},"55":{"start":{"line":115,"column":14},"end":{"line":115,"column":65}},"56":{"start":{"line":116,"column":24},"end":{"line":116,"column":null}},"57":{"start":{"line":116,"column":45},"end":{"line":116,"column":86}},"58":{"start":{"line":117,"column":6},"end":{"line":117,"column":null}},"59":{"start":{"line":122,"column":25},"end":{"line":122,"column":69}},"60":{"start":{"line":122,"column":46},"end":{"line":122,"column":69}},"61":{"start":{"line":123,"column":26},"end":{"line":123,"column":null}},"62":{"start":{"line":126,"column":2},"end":{"line":130,"column":null}},"63":{"start":{"line":127,"column":4},"end":{"line":127,"column":null}},"64":{"start":{"line":128,"column":4},"end":{"line":128,"column":null}},"65":{"start":{"line":129,"column":4},"end":{"line":129,"column":null}},"66":{"start":{"line":133,"column":2},"end":{"line":140,"column":null}},"67":{"start":{"line":134,"column":4},"end":{"line":134,"column":null}},"68":{"start":{"line":134,"column":45},"end":{"line":134,"column":null}},"69":{"start":{"line":135,"column":15},"end":{"line":138,"column":19}},"70":{"start":{"line":136,"column":12},"end":{"line":136,"column":null}},"71":{"start":{"line":137,"column":6},"end":{"line":137,"column":null}},"72":{"start":{"line":137,"column":25},"end":{"line":137,"column":null}},"73":{"start":{"line":139,"column":4},"end":{"line":139,"column":null}},"74":{"start":{"line":139,"column":17},"end":{"line":139,"column":34}},"75":{"start":{"line":143,"column":2},"end":{"line":151,"column":null}},"76":{"start":{"line":144,"column":15},"end":{"line":149,"column":14}},"77":{"start":{"line":145,"column":19},"end":{"line":145,"column":40}},"78":{"start":{"line":146,"column":6},"end":{"line":147,"column":null}},"79":{"start":{"line":146,"column":47},"end":{"line":146,"column":69}},"80":{"start":{"line":147,"column":8},"end":{"line":147,"column":null}},"81":{"start":{"line":150,"column":4},"end":{"line":150,"column":null}},"82":{"start":{"line":150,"column":17},"end":{"line":150,"column":34}},"83":{"start":{"line":154,"column":2},"end":{"line":160,"column":null}},"84":{"start":{"line":156,"column":6},"end":{"line":156,"column":null}},"85":{"start":{"line":156,"column":55},"end":{"line":156,"column":75}},"86":{"start":{"line":156,"column":75},"end":{"line":156,"column":null}},"87":{"start":{"line":156,"column":95},"end":{"line":156,"column":98}},"88":{"start":{"line":158,"column":4},"end":{"line":158,"column":null}},"89":{"start":{"line":159,"column":4},"end":{"line":159,"column":null}},"90":{"start":{"line":159,"column":17},"end":{"line":159,"column":61}},"91":{"start":{"line":163,"column":21},"end":{"line":163,"column":null}},"92":{"start":{"line":164,"column":2},"end":{"line":164,"column":null}},"93":{"start":{"line":166,"column":2},"end":{"line":176,"column":null}},"94":{"start":{"line":167,"column":10},"end":{"line":171,"column":null}},"95":{"start":{"line":168,"column":20},"end":{"line":168,"column":44}},"96":{"start":{"line":169,"column":21},"end":{"line":169,"column":71}},"97":{"start":{"line":169,"column":48},"end":{"line":169,"column":71}},"98":{"start":{"line":170,"column":6},"end":{"line":171,"column":null}},"99":{"start":{"line":170,"column":18},"end":{"line":170,"column":null}},"100":{"start":{"line":171,"column":15},"end":{"line":171,"column":null}},"101":{"start":{"line":171,"column":44},"end":{"line":171,"column":null}},"102":{"start":{"line":174,"column":4},"end":{"line":174,"column":null}},"103":{"start":{"line":174,"column":53},"end":{"line":174,"column":68}},"104":{"start":{"line":175,"column":4},"end":{"line":175,"column":null}},"105":{"start":{"line":175,"column":19},"end":{"line":175,"column":null}},"106":{"start":{"line":178,"column":8},"end":{"line":182,"column":8}},"107":{"start":{"line":179,"column":18},"end":{"line":179,"column":42}},"108":{"start":{"line":180,"column":19},"end":{"line":180,"column":69}},"109":{"start":{"line":180,"column":46},"end":{"line":180,"column":69}},"110":{"start":{"line":181,"column":4},"end":{"line":181,"column":null}},"111":{"start":{"line":181,"column":16},"end":{"line":181,"column":null}},"112":{"start":{"line":184,"column":2},"end":{"line":184,"column":null}},"113":{"start":{"line":187,"column":14},"end":{"line":187,"column":24}},"114":{"start":{"line":188,"column":26},"end":{"line":188,"column":null}},"115":{"start":{"line":189,"column":26},"end":{"line":192,"column":67}},"116":{"start":{"line":196,"column":4},"end":{"line":200,"column":null}},"117":{"start":{"line":197,"column":6},"end":{"line":197,"column":null}},"118":{"start":{"line":198,"column":35},"end":{"line":198,"column":59}},"119":{"start":{"line":199,"column":22},"end":{"line":199,"column":null}},"120":{"start":{"line":200,"column":6},"end":{"line":200,"column":null}},"121":{"start":{"line":202,"column":18},"end":{"line":202,"column":64}},"122":{"start":{"line":202,"column":42},"end":{"line":202,"column":64}},"123":{"start":{"line":203,"column":4},"end":{"line":203,"column":null}},"124":{"start":{"line":203,"column":17},"end":{"line":203,"column":40}},"125":{"start":{"line":203,"column":40},"end":{"line":203,"column":null}},"126":{"start":{"line":204,"column":4},"end":{"line":204,"column":null}},"127":{"start":{"line":205,"column":4},"end":{"line":205,"column":null}},"128":{"start":{"line":209,"column":17},"end":{"line":209,"column":29}},"129":{"start":{"line":210,"column":4},"end":{"line":210,"column":null}},"130":{"start":{"line":210,"column":15},"end":{"line":210,"column":null}},"131":{"start":{"line":211,"column":4},"end":{"line":211,"column":null}},"132":{"start":{"line":212,"column":4},"end":{"line":212,"column":null}},"133":{"start":{"line":213,"column":33},"end":{"line":213,"column":57}},"134":{"start":{"line":214,"column":20},"end":{"line":214,"column":null}},"135":{"start":{"line":215,"column":4},"end":{"line":215,"column":null}},"136":{"start":{"line":219,"column":17},"end":{"line":219,"column":61}},"137":{"start":{"line":219,"column":38},"end":{"line":219,"column":61}},"138":{"start":{"line":220,"column":4},"end":{"line":220,"column":null}},"139":{"start":{"line":221,"column":16},"end":{"line":221,"column":49}},"140":{"start":{"line":221,"column":37},"end":{"line":221,"column":49}},"141":{"start":{"line":222,"column":4},"end":{"line":222,"column":null}},"142":{"start":{"line":222,"column":13},"end":{"line":222,"column":null}},"143":{"start":{"line":223,"column":4},"end":{"line":225,"column":null}},"144":{"start":{"line":224,"column":30},"end":{"line":224,"column":54}},"145":{"start":{"line":225,"column":6},"end":{"line":225,"column":null}},"146":{"start":{"line":230,"column":4},"end":{"line":230,"column":null}},"147":{"start":{"line":231,"column":4},"end":{"line":231,"column":null}},"148":{"start":{"line":235,"column":4},"end":{"line":235,"column":null}},"149":{"start":{"line":236,"column":4},"end":{"line":236,"column":null}},"150":{"start":{"line":240,"column":16},"end":{"line":240,"column":49}},"151":{"start":{"line":240,"column":37},"end":{"line":240,"column":49}},"152":{"start":{"line":241,"column":18},"end":{"line":241,"column":null}},"153":{"start":{"line":242,"column":10},"end":{"line":242,"column":63}},"154":{"start":{"line":243,"column":4},"end":{"line":243,"column":null}},"155":{"start":{"line":244,"column":28},"end":{"line":244,"column":52}},"156":{"start":{"line":245,"column":18},"end":{"line":245,"column":null}},"157":{"start":{"line":246,"column":4},"end":{"line":246,"column":null}},"158":{"start":{"line":248,"column":4},"end":{"line":263,"column":null}},"159":{"start":{"line":249,"column":6},"end":{"line":249,"column":null}},"160":{"start":{"line":252,"column":21},"end":{"line":252,"column":null}},"161":{"start":{"line":253,"column":6},"end":{"line":257,"column":null}},"162":{"start":{"line":254,"column":28},"end":{"line":254,"column":null}},"163":{"start":{"line":255,"column":8},"end":{"line":257,"column":null}},"164":{"start":{"line":256,"column":10},"end":{"line":256,"column":null}},"165":{"start":{"line":257,"column":10},"end":{"line":257,"column":null}},"166":{"start":{"line":262,"column":21},"end":{"line":262,"column":null}},"167":{"start":{"line":263,"column":6},"end":{"line":263,"column":null}},"168":{"start":{"line":268,"column":4},"end":{"line":268,"column":null}},"169":{"start":{"line":269,"column":4},"end":{"line":269,"column":null}},"170":{"start":{"line":273,"column":4},"end":{"line":273,"column":null}},"171":{"start":{"line":274,"column":4},"end":{"line":274,"column":null}},"172":{"start":{"line":278,"column":4},"end":{"line":278,"column":null}},"173":{"start":{"line":282,"column":10},"end":{"line":282,"column":50}},"174":{"start":{"line":283,"column":4},"end":{"line":283,"column":null}},"175":{"start":{"line":284,"column":4},"end":{"line":284,"column":null}},"176":{"start":{"line":284,"column":26},"end":{"line":284,"column":46}},"177":{"start":{"line":288,"column":10},"end":{"line":288,"column":58}},"178":{"start":{"line":289,"column":4},"end":{"line":289,"column":null}},"179":{"start":{"line":290,"column":4},"end":{"line":290,"column":null}},"180":{"start":{"line":292,"column":20},"end":{"line":292,"column":75}},"181":{"start":{"line":292,"column":50},"end":{"line":292,"column":73}},"182":{"start":{"line":293,"column":19},"end":{"line":293,"column":null}},"183":{"start":{"line":293,"column":53},"end":{"line":293,"column":87}},"184":{"start":{"line":294,"column":4},"end":{"line":294,"column":null}},"185":{"start":{"line":298,"column":4},"end":{"line":298,"column":null}},"186":{"start":{"line":299,"column":4},"end":{"line":299,"column":null}},"187":{"start":{"line":303,"column":2},"end":{"line":476,"column":null}},"188":{"start":{"line":310,"column":95},"end":{"line":310,"column":120}},"189":{"start":{"line":317,"column":27},"end":{"line":317,"column":44}},"190":{"start":{"line":317,"column":44},"end":{"line":317,"column":null}},"191":{"start":{"line":318,"column":26},"end":{"line":318,"column":75}},"192":{"start":{"line":318,"column":75},"end":{"line":318,"column":null}},"193":{"start":{"line":319,"column":29},"end":{"line":319,"column":41}},"194":{"start":{"line":319,"column":41},"end":{"line":319,"column":null}},"195":{"start":{"line":320,"column":25},"end":{"line":320,"column":null}},"196":{"start":{"line":329,"column":24},"end":{"line":329,"column":null}},"197":{"start":{"line":340,"column":33},"end":{"line":340,"column":53}},"198":{"start":{"line":343,"column":12},"end":{"line":343,"column":null}},"199":{"start":{"line":343,"column":35},"end":{"line":343,"column":41}},"200":{"start":{"line":344,"column":12},"end":{"line":345,"column":null}},"201":{"start":{"line":345,"column":14},"end":{"line":345,"column":null}},"202":{"start":{"line":357,"column":14},"end":{"line":368,"column":null}},"203":{"start":{"line":359,"column":31},"end":{"line":359,"column":41}},"204":{"start":{"line":396,"column":31},"end":{"line":396,"column":55}},"205":{"start":{"line":398,"column":32},"end":{"line":398,"column":122}},"206":{"start":{"line":399,"column":30},"end":{"line":406,"column":null}},"207":{"start":{"line":407,"column":14},"end":{"line":407,"column":null}},"208":{"start":{"line":408,"column":34},"end":{"line":408,"column":109}},"209":{"start":{"line":409,"column":14},"end":{"line":409,"column":null}},"210":{"start":{"line":416,"column":45},"end":{"line":420,"column":15}},"211":{"start":{"line":425,"column":26},"end":{"line":425,"column":44}},"212":{"start":{"line":426,"column":29},"end":{"line":426,"column":49}},"213":{"start":{"line":434,"column":14},"end":{"line":434,"column":null}},"214":{"start":{"line":435,"column":34},"end":{"line":435,"column":109}},"215":{"start":{"line":436,"column":14},"end":{"line":436,"column":null}},"216":{"start":{"line":446,"column":34},"end":{"line":446,"column":79}},"217":{"start":{"line":446,"column":62},"end":{"line":446,"column":79}},"218":{"start":{"line":447,"column":20},"end":{"line":452,"column":null}},"219":{"start":{"line":451,"column":44},"end":{"line":451,"column":86}},"220":{"start":{"line":454,"column":14},"end":{"line":459,"column":null}},"221":{"start":{"line":455,"column":26},"end":{"line":455,"column":53}},"222":{"start":{"line":456,"column":16},"end":{"line":456,"column":null}},"223":{"start":{"line":457,"column":16},"end":{"line":457,"column":null}},"224":{"start":{"line":458,"column":16},"end":{"line":458,"column":null}},"225":{"start":{"line":468,"column":39},"end":{"line":468,"column":65}}},"fnMap":{"0":{"name":"App","decl":{"start":{"line":36,"column":16},"end":{"line":36,"column":20}},"loc":{"start":{"line":36,"column":40},"end":{"line":476,"column":null}},"line":36},"1":{"name":"(anonymous_1)","decl":{"start":{"line":45,"column":46},"end":{"line":45,"column":null}},"loc":{"start":{"line":46,"column":10},"end":{"line":46,"column":null}},"line":46},"2":{"name":"(anonymous_2)","decl":{"start":{"line":69,"column":2},"end":{"line":69,"column":18}},"loc":{"start":{"line":69,"column":18},"end":{"line":88,"column":7}},"line":69},"3":{"name":"(anonymous_3)","decl":{"start":{"line":76,"column":7},"end":{"line":76,"column":13}},"loc":{"start":{"line":76,"column":55},"end":{"line":85,"column":7}},"line":76},"4":{"name":"(anonymous_4)","decl":{"start":{"line":81,"column":36},"end":{"line":81,"column":41}},"loc":{"start":{"line":81,"column":46},"end":{"line":81,"column":64}},"line":81},"5":{"name":"(anonymous_5)","decl":{"start":{"line":85,"column":7},"end":{"line":85,"column":13}},"loc":{"start":{"line":85,"column":20},"end":{"line":87,"column":null}},"line":85},"6":{"name":"(anonymous_6)","decl":{"start":{"line":90,"column":16},"end":{"line":90,"column":30}},"loc":{"start":{"line":90,"column":16},"end":{"line":90,"column":54}},"line":90},"7":{"name":"(anonymous_7)","decl":{"start":{"line":92,"column":2},"end":{"line":92,"column":18}},"loc":{"start":{"line":92,"column":18},"end":{"line":102,"column":6}},"line":92},"8":{"name":"(anonymous_8)","decl":{"start":{"line":96,"column":7},"end":{"line":96,"column":13}},"loc":{"start":{"line":96,"column":29},"end":{"line":99,"column":7}},"line":96},"9":{"name":"(anonymous_9)","decl":{"start":{"line":99,"column":7},"end":{"line":99,"column":13}},"loc":{"start":{"line":99,"column":20},"end":{"line":101,"column":null}},"line":99},"10":{"name":"(anonymous_10)","decl":{"start":{"line":104,"column":20},"end":{"line":104,"column":34}},"loc":{"start":{"line":104,"column":20},"end":{"line":104,"column":53}},"line":104},"11":{"name":"(anonymous_11)","decl":{"start":{"line":105,"column":18},"end":{"line":105,"column":32}},"loc":{"start":{"line":105,"column":32},"end":{"line":109,"column":null}},"line":105},"12":{"name":"(anonymous_12)","decl":{"start":{"line":106,"column":15},"end":{"line":106,"column":19}},"loc":{"start":{"line":106,"column":24},"end":{"line":108,"column":null}},"line":106},"13":{"name":"(anonymous_13)","decl":{"start":{"line":108,"column":36},"end":{"line":108,"column":43}},"loc":{"start":{"line":108,"column":48},"end":{"line":108,"column":70}},"line":108},"14":{"name":"(anonymous_14)","decl":{"start":{"line":108,"column":71},"end":{"line":108,"column":75}},"loc":{"start":{"line":108,"column":80},"end":{"line":108,"column":87}},"line":108},"15":{"name":"(anonymous_15)","decl":{"start":{"line":112,"column":27},"end":{"line":112,"column":null}},"loc":{"start":{"line":113,"column":4},"end":{"line":118,"column":7}},"line":113},"16":{"name":"(anonymous_16)","decl":{"start":{"line":113,"column":34},"end":{"line":113,"column":38}},"loc":{"start":{"line":113,"column":43},"end":{"line":118,"column":7}},"line":113},"17":{"name":"(anonymous_17)","decl":{"start":{"line":114,"column":42},"end":{"line":114,"column":49}},"loc":{"start":{"line":114,"column":54},"end":{"line":114,"column":76}},"line":114},"18":{"name":"(anonymous_18)","decl":{"start":{"line":116,"column":33},"end":{"line":116,"column":40}},"loc":{"start":{"line":116,"column":45},"end":{"line":116,"column":86}},"line":116},"19":{"name":"(anonymous_19)","decl":{"start":{"line":122,"column":36},"end":{"line":122,"column":41}},"loc":{"start":{"line":122,"column":46},"end":{"line":122,"column":69}},"line":122},"20":{"name":"(anonymous_20)","decl":{"start":{"line":126,"column":2},"end":{"line":126,"column":18}},"loc":{"start":{"line":126,"column":18},"end":{"line":130,"column":6}},"line":126},"21":{"name":"(anonymous_21)","decl":{"start":{"line":133,"column":2},"end":{"line":133,"column":18}},"loc":{"start":{"line":133,"column":18},"end":{"line":140,"column":6}},"line":133},"22":{"name":"(anonymous_22)","decl":{"start":{"line":135,"column":15},"end":{"line":135,"column":33}},"loc":{"start":{"line":135,"column":33},"end":{"line":138,"column":12}},"line":135},"23":{"name":"(anonymous_23)","decl":{"start":{"line":139,"column":4},"end":{"line":139,"column":17}},"loc":{"start":{"line":139,"column":17},"end":{"line":139,"column":34}},"line":139},"24":{"name":"(anonymous_24)","decl":{"start":{"line":143,"column":2},"end":{"line":143,"column":18}},"loc":{"start":{"line":143,"column":18},"end":{"line":151,"column":6}},"line":143},"25":{"name":"(anonymous_25)","decl":{"start":{"line":144,"column":15},"end":{"line":144,"column":33}},"loc":{"start":{"line":144,"column":33},"end":{"line":149,"column":14}},"line":144},"26":{"name":"(anonymous_26)","decl":{"start":{"line":146,"column":36},"end":{"line":146,"column":42}},"loc":{"start":{"line":146,"column":47},"end":{"line":146,"column":69}},"line":146},"27":{"name":"(anonymous_27)","decl":{"start":{"line":150,"column":4},"end":{"line":150,"column":17}},"loc":{"start":{"line":150,"column":17},"end":{"line":150,"column":34}},"line":150},"28":{"name":"(anonymous_28)","decl":{"start":{"line":154,"column":2},"end":{"line":154,"column":18}},"loc":{"start":{"line":154,"column":18},"end":{"line":160,"column":7}},"line":154},"29":{"name":"onKey","decl":{"start":{"line":155,"column":13},"end":{"line":155,"column":19}},"loc":{"start":{"line":155,"column":37},"end":{"line":156,"column":null}},"line":155},"30":{"name":"(anonymous_30)","decl":{"start":{"line":156,"column":75},"end":{"line":156,"column":90}},"loc":{"start":{"line":156,"column":95},"end":{"line":156,"column":98}},"line":156},"31":{"name":"(anonymous_31)","decl":{"start":{"line":159,"column":4},"end":{"line":159,"column":17}},"loc":{"start":{"line":159,"column":17},"end":{"line":159,"column":61}},"line":159},"32":{"name":"(anonymous_32)","decl":{"start":{"line":166,"column":2},"end":{"line":166,"column":18}},"loc":{"start":{"line":166,"column":18},"end":{"line":176,"column":7}},"line":166},"33":{"name":"(anonymous_33)","decl":{"start":{"line":167,"column":10},"end":{"line":167,"column":25}},"loc":{"start":{"line":167,"column":25},"end":{"line":171,"column":null}},"line":167},"34":{"name":"(anonymous_34)","decl":{"start":{"line":169,"column":38},"end":{"line":169,"column":43}},"loc":{"start":{"line":169,"column":48},"end":{"line":169,"column":71}},"line":169},"35":{"name":"(anonymous_35)","decl":{"start":{"line":174,"column":40},"end":{"line":174,"column":45}},"loc":{"start":{"line":174,"column":51},"end":{"line":174,"column":null}},"line":174},"36":{"name":"(anonymous_36)","decl":{"start":{"line":175,"column":4},"end":{"line":175,"column":17}},"loc":{"start":{"line":175,"column":17},"end":{"line":175,"column":null}},"line":175},"37":{"name":"(anonymous_37)","decl":{"start":{"line":178,"column":21},"end":{"line":178,"column":39}},"loc":{"start":{"line":178,"column":39},"end":{"line":182,"column":7}},"line":178},"38":{"name":"(anonymous_38)","decl":{"start":{"line":180,"column":36},"end":{"line":180,"column":41}},"loc":{"start":{"line":180,"column":46},"end":{"line":180,"column":69}},"line":180},"39":{"name":"(anonymous_39)","decl":{"start":{"line":184,"column":34},"end":{"line":184,"column":52}},"loc":{"start":{"line":184,"column":52},"end":{"line":184,"column":56}},"line":184},"40":{"name":"handleOnboardingComplete","decl":{"start":{"line":195,"column":17},"end":{"line":195,"column":42}},"loc":{"start":{"line":195,"column":127},"end":{"line":205,"column":null}},"line":195},"41":{"name":"(anonymous_41)","decl":{"start":{"line":202,"column":32},"end":{"line":202,"column":37}},"loc":{"start":{"line":202,"column":42},"end":{"line":202,"column":64}},"line":202},"42":{"name":"handleAdd","decl":{"start":{"line":208,"column":17},"end":{"line":208,"column":29}},"loc":{"start":{"line":208,"column":29},"end":{"line":215,"column":null}},"line":208},"43":{"name":"handleStart","decl":{"start":{"line":218,"column":17},"end":{"line":218,"column":29}},"loc":{"start":{"line":218,"column":41},"end":{"line":225,"column":null}},"line":218},"44":{"name":"(anonymous_44)","decl":{"start":{"line":219,"column":28},"end":{"line":219,"column":33}},"loc":{"start":{"line":219,"column":38},"end":{"line":219,"column":61}},"line":219},"45":{"name":"(anonymous_45)","decl":{"start":{"line":221,"column":27},"end":{"line":221,"column":32}},"loc":{"start":{"line":221,"column":37},"end":{"line":221,"column":49}},"line":221},"46":{"name":"handleRename","decl":{"start":{"line":229,"column":17},"end":{"line":229,"column":30}},"loc":{"start":{"line":229,"column":59},"end":{"line":231,"column":null}},"line":229},"47":{"name":"handleDelete","decl":{"start":{"line":234,"column":17},"end":{"line":234,"column":30}},"loc":{"start":{"line":234,"column":42},"end":{"line":236,"column":null}},"line":234},"48":{"name":"handleStop","decl":{"start":{"line":239,"column":17},"end":{"line":239,"column":28}},"loc":{"start":{"line":239,"column":54},"end":{"line":263,"column":null}},"line":239},"49":{"name":"(anonymous_49)","decl":{"start":{"line":240,"column":27},"end":{"line":240,"column":32}},"loc":{"start":{"line":240,"column":37},"end":{"line":240,"column":49}},"line":240},"50":{"name":"handleSetGoal","decl":{"start":{"line":267,"column":17},"end":{"line":267,"column":31}},"loc":{"start":{"line":267,"column":55},"end":{"line":269,"column":null}},"line":267},"51":{"name":"handleSetColor","decl":{"start":{"line":272,"column":17},"end":{"line":272,"column":32}},"loc":{"start":{"line":272,"column":59},"end":{"line":274,"column":null}},"line":272},"52":{"name":"handleSetTag","decl":{"start":{"line":277,"column":11},"end":{"line":277,"column":24}},"loc":{"start":{"line":277,"column":49},"end":{"line":278,"column":null}},"line":277},"53":{"name":"handleAddIntention","decl":{"start":{"line":281,"column":17},"end":{"line":281,"column":36}},"loc":{"start":{"line":281,"column":50},"end":{"line":284,"column":null}},"line":281},"54":{"name":"(anonymous_54)","decl":{"start":{"line":284,"column":4},"end":{"line":284,"column":18}},"loc":{"start":{"line":284,"column":26},"end":{"line":284,"column":46}},"line":284},"55":{"name":"handleSaveReview","decl":{"start":{"line":287,"column":17},"end":{"line":287,"column":34}},"loc":{"start":{"line":287,"column":74},"end":{"line":294,"column":null}},"line":287},"56":{"name":"(anonymous_56)","decl":{"start":{"line":292,"column":31},"end":{"line":292,"column":39}},"loc":{"start":{"line":292,"column":50},"end":{"line":292,"column":73}},"line":292},"57":{"name":"(anonymous_57)","decl":{"start":{"line":293,"column":38},"end":{"line":293,"column":44}},"loc":{"start":{"line":293,"column":53},"end":{"line":293,"column":87}},"line":293},"58":{"name":"handlePostpone","decl":{"start":{"line":297,"column":11},"end":{"line":297,"column":28}},"loc":{"start":{"line":297,"column":28},"end":{"line":299,"column":null}},"line":297},"59":{"name":"(anonymous_59)","decl":{"start":{"line":310,"column":80},"end":{"line":310,"column":95}},"loc":{"start":{"line":310,"column":95},"end":{"line":310,"column":120}},"line":310},"60":{"name":"(anonymous_60)","decl":{"start":{"line":317,"column":10},"end":{"line":317,"column":19}},"loc":{"start":{"line":317,"column":25},"end":{"line":317,"column":null}},"line":317},"61":{"name":"(anonymous_61)","decl":{"start":{"line":318,"column":10},"end":{"line":318,"column":24}},"loc":{"start":{"line":318,"column":24},"end":{"line":318,"column":null}},"line":318},"62":{"name":"(anonymous_62)","decl":{"start":{"line":319,"column":10},"end":{"line":319,"column":22}},"loc":{"start":{"line":319,"column":27},"end":{"line":319,"column":null}},"line":319},"63":{"name":"(anonymous_63)","decl":{"start":{"line":320,"column":10},"end":{"line":320,"column":25}},"loc":{"start":{"line":320,"column":25},"end":{"line":320,"column":null}},"line":320},"64":{"name":"(anonymous_64)","decl":{"start":{"line":329,"column":10},"end":{"line":329,"column":24}},"loc":{"start":{"line":329,"column":24},"end":{"line":329,"column":null}},"line":329},"65":{"name":"(anonymous_65)","decl":{"start":{"line":340,"column":10},"end":{"line":340,"column":33}},"loc":{"start":{"line":340,"column":33},"end":{"line":340,"column":53}},"line":340},"66":{"name":"(anonymous_66)","decl":{"start":{"line":342,"column":10},"end":{"line":342,"column":32}},"loc":{"start":{"line":342,"column":32},"end":{"line":345,"column":null}},"line":342},"67":{"name":"(anonymous_67)","decl":{"start":{"line":343,"column":12},"end":{"line":343,"column":30}},"loc":{"start":{"line":343,"column":35},"end":{"line":343,"column":41}},"line":343},"68":{"name":"(anonymous_68)","decl":{"start":{"line":356,"column":77},"end":{"line":356,"column":81}},"loc":{"start":{"line":357,"column":14},"end":{"line":368,"column":null}},"line":357},"69":{"name":"(anonymous_69)","decl":{"start":{"line":359,"column":16},"end":{"line":359,"column":31}},"loc":{"start":{"line":359,"column":31},"end":{"line":359,"column":41}},"line":359},"70":{"name":"(anonymous_70)","decl":{"start":{"line":396,"column":12},"end":{"line":396,"column":31}},"loc":{"start":{"line":396,"column":31},"end":{"line":396,"column":55}},"line":396},"71":{"name":"(anonymous_71)","decl":{"start":{"line":397,"column":26},"end":{"line":397,"column":33}},"loc":{"start":{"line":397,"column":43},"end":{"line":409,"column":null}},"line":397},"72":{"name":"(anonymous_72)","decl":{"start":{"line":416,"column":35},"end":{"line":416,"column":39}},"loc":{"start":{"line":416,"column":45},"end":{"line":420,"column":15}},"line":416},"73":{"name":"(anonymous_73)","decl":{"start":{"line":425,"column":12},"end":{"line":425,"column":26}},"loc":{"start":{"line":425,"column":26},"end":{"line":425,"column":44}},"line":425},"74":{"name":"(anonymous_74)","decl":{"start":{"line":426,"column":12},"end":{"line":426,"column":29}},"loc":{"start":{"line":426,"column":29},"end":{"line":426,"column":49}},"line":426},"75":{"name":"(anonymous_75)","decl":{"start":{"line":433,"column":30},"end":{"line":433,"column":37}},"loc":{"start":{"line":433,"column":50},"end":{"line":436,"column":null}},"line":433},"76":{"name":"(anonymous_76)","decl":{"start":{"line":445,"column":12},"end":{"line":445,"column":31}},"loc":{"start":{"line":445,"column":43},"end":{"line":459,"column":null}},"line":445},"77":{"name":"(anonymous_77)","decl":{"start":{"line":446,"column":50},"end":{"line":446,"column":57}},"loc":{"start":{"line":446,"column":62},"end":{"line":446,"column":79}},"line":446},"78":{"name":"(anonymous_78)","decl":{"start":{"line":451,"column":27},"end":{"line":451,"column":32}},"loc":{"start":{"line":451,"column":44},"end":{"line":451,"column":86}},"line":451},"79":{"name":"(anonymous_79)","decl":{"start":{"line":454,"column":48},"end":{"line":454,"column":60}},"loc":{"start":{"line":454,"column":60},"end":{"line":459,"column":null}},"line":454},"80":{"name":"(anonymous_80)","decl":{"start":{"line":468,"column":12},"end":{"line":468,"column":32}},"loc":{"start":{"line":468,"column":39},"end":{"line":468,"column":65}},"line":468}},"branchMap":{"0":{"loc":{"start":{"line":80,"column":6},"end":{"line":82,"column":null}},"type":"if","locations":[{"start":{"line":80,"column":6},"end":{"line":82,"column":null}},{"start":{},"end":{}}],"line":80},"1":{"loc":{"start":{"line":82,"column":8},"end":{"line":82,"column":null}},"type":"if","locations":[{"start":{"line":82,"column":8},"end":{"line":82,"column":null}},{"start":{},"end":{}}],"line":82},"2":{"loc":{"start":{"line":84,"column":6},"end":{"line":84,"column":null}},"type":"if","locations":[{"start":{"line":84,"column":6},"end":{"line":84,"column":null}},{"start":{},"end":{}}],"line":84},"3":{"loc":{"start":{"line":116,"column":45},"end":{"line":116,"column":86}},"type":"binary-expr","locations":[{"start":{"line":116,"column":45},"end":{"line":116,"column":70}},{"start":{"line":116,"column":64},"end":{"line":116,"column":86}}],"line":116},"4":{"loc":{"start":{"line":117,"column":30},"end":{"line":117,"column":50}},"type":"binary-expr","locations":[{"start":{"line":117,"column":30},"end":{"line":117,"column":47}},{"start":{"line":117,"column":47},"end":{"line":117,"column":50}}],"line":117},"5":{"loc":{"start":{"line":117,"column":71},"end":{"line":117,"column":93}},"type":"binary-expr","locations":[{"start":{"line":117,"column":71},"end":{"line":117,"column":87}},{"start":{"line":117,"column":87},"end":{"line":117,"column":93}}],"line":117},"6":{"loc":{"start":{"line":123,"column":26},"end":{"line":123,"column":null}},"type":"binary-expr","locations":[{"start":{"line":123,"column":26},"end":{"line":123,"column":68}},{"start":{"line":123,"column":68},"end":{"line":123,"column":null}}],"line":123},"7":{"loc":{"start":{"line":134,"column":4},"end":{"line":134,"column":null}},"type":"if","locations":[{"start":{"line":134,"column":4},"end":{"line":134,"column":null}},{"start":{},"end":{}}],"line":134},"8":{"loc":{"start":{"line":134,"column":8},"end":{"line":134,"column":45}},"type":"binary-expr","locations":[{"start":{"line":134,"column":8},"end":{"line":134,"column":28}},{"start":{"line":134,"column":28},"end":{"line":134,"column":45}}],"line":134},"9":{"loc":{"start":{"line":137,"column":6},"end":{"line":137,"column":null}},"type":"if","locations":[{"start":{"line":137,"column":6},"end":{"line":137,"column":null}},{"start":{},"end":{}}],"line":137},"10":{"loc":{"start":{"line":146,"column":6},"end":{"line":147,"column":null}},"type":"if","locations":[{"start":{"line":146,"column":6},"end":{"line":147,"column":null}},{"start":{},"end":{}}],"line":146},"11":{"loc":{"start":{"line":146,"column":10},"end":{"line":146,"column":69}},"type":"binary-expr","locations":[{"start":{"line":146,"column":10},"end":{"line":146,"column":25}},{"start":{"line":146,"column":25},"end":{"line":146,"column":69}}],"line":146},"12":{"loc":{"start":{"line":156,"column":6},"end":{"line":156,"column":null}},"type":"if","locations":[{"start":{"line":156,"column":6},"end":{"line":156,"column":null}},{"start":{},"end":{}}],"line":156},"13":{"loc":{"start":{"line":156,"column":10},"end":{"line":156,"column":53}},"type":"binary-expr","locations":[{"start":{"line":156,"column":10},"end":{"line":156,"column":28}},{"start":{"line":156,"column":28},"end":{"line":156,"column":41}},{"start":{"line":156,"column":41},"end":{"line":156,"column":53}}],"line":156},"14":{"loc":{"start":{"line":163,"column":21},"end":{"line":163,"column":null}},"type":"cond-expr","locations":[{"start":{"line":163,"column":21},"end":{"line":163,"column":82}},{"start":{"line":163,"column":85},"end":{"line":163,"column":null}}],"line":163},"15":{"loc":{"start":{"line":164,"column":16},"end":{"line":164,"column":46}},"type":"binary-expr","locations":[{"start":{"line":164,"column":16},"end":{"line":164,"column":40}},{"start":{"line":164,"column":40},"end":{"line":164,"column":46}}],"line":164},"16":{"loc":{"start":{"line":170,"column":6},"end":{"line":171,"column":null}},"type":"if","locations":[{"start":{"line":170,"column":6},"end":{"line":171,"column":null}},{"start":{"line":171,"column":15},"end":{"line":171,"column":null}}],"line":170},"17":{"loc":{"start":{"line":171,"column":15},"end":{"line":171,"column":null}},"type":"if","locations":[{"start":{"line":171,"column":15},"end":{"line":171,"column":null}},{"start":{},"end":{}}],"line":171},"18":{"loc":{"start":{"line":181,"column":4},"end":{"line":181,"column":null}},"type":"if","locations":[{"start":{"line":181,"column":4},"end":{"line":181,"column":null}},{"start":{},"end":{}}],"line":181},"19":{"loc":{"start":{"line":188,"column":26},"end":{"line":188,"column":null}},"type":"binary-expr","locations":[{"start":{"line":188,"column":26},"end":{"line":188,"column":53}},{"start":{"line":188,"column":53},"end":{"line":188,"column":null}}],"line":188},"20":{"loc":{"start":{"line":189,"column":26},"end":{"line":192,"column":67}},"type":"binary-expr","locations":[{"start":{"line":189,"column":26},"end":{"line":189,"column":null}},{"start":{"line":190,"column":7},"end":{"line":190,"column":null}},{"start":{"line":191,"column":7},"end":{"line":191,"column":null}},{"start":{"line":191,"column":27},"end":{"line":192,"column":67}}],"line":189},"21":{"loc":{"start":{"line":203,"column":4},"end":{"line":203,"column":null}},"type":"if","locations":[{"start":{"line":203,"column":4},"end":{"line":203,"column":null}},{"start":{},"end":{}}],"line":203},"22":{"loc":{"start":{"line":210,"column":4},"end":{"line":210,"column":null}},"type":"if","locations":[{"start":{"line":210,"column":4},"end":{"line":210,"column":null}},{"start":{},"end":{}}],"line":210},"23":{"loc":{"start":{"line":222,"column":4},"end":{"line":222,"column":null}},"type":"if","locations":[{"start":{"line":222,"column":4},"end":{"line":222,"column":null}},{"start":{},"end":{}}],"line":222},"24":{"loc":{"start":{"line":223,"column":4},"end":{"line":225,"column":null}},"type":"if","locations":[{"start":{"line":223,"column":4},"end":{"line":225,"column":null}},{"start":{},"end":{}}],"line":223},"25":{"loc":{"start":{"line":223,"column":8},"end":{"line":223,"column":32}},"type":"binary-expr","locations":[{"start":{"line":223,"column":8},"end":{"line":223,"column":16}},{"start":{"line":223,"column":16},"end":{"line":223,"column":32}}],"line":223},"26":{"loc":{"start":{"line":248,"column":4},"end":{"line":263,"column":null}},"type":"if","locations":[{"start":{"line":248,"column":4},"end":{"line":263,"column":null}},{"start":{},"end":{}}],"line":248},"27":{"loc":{"start":{"line":248,"column":8},"end":{"line":248,"column":22}},"type":"binary-expr","locations":[{"start":{"line":248,"column":8},"end":{"line":248,"column":15}},{"start":{"line":248,"column":15},"end":{"line":248,"column":22}}],"line":248},"28":{"loc":{"start":{"line":252,"column":21},"end":{"line":252,"column":null}},"type":"binary-expr","locations":[{"start":{"line":252,"column":21},"end":{"line":252,"column":41}},{"start":{"line":252,"column":41},"end":{"line":252,"column":null}}],"line":252},"29":{"loc":{"start":{"line":253,"column":6},"end":{"line":257,"column":null}},"type":"if","locations":[{"start":{"line":253,"column":6},"end":{"line":257,"column":null}},{"start":{},"end":{}}],"line":253},"30":{"loc":{"start":{"line":255,"column":8},"end":{"line":257,"column":null}},"type":"if","locations":[{"start":{"line":255,"column":8},"end":{"line":257,"column":null}},{"start":{},"end":{}}],"line":255},"31":{"loc":{"start":{"line":255,"column":12},"end":{"line":255,"column":60}},"type":"binary-expr","locations":[{"start":{"line":255,"column":12},"end":{"line":255,"column":37}},{"start":{"line":255,"column":37},"end":{"line":255,"column":60}}],"line":255},"32":{"loc":{"start":{"line":262,"column":21},"end":{"line":262,"column":null}},"type":"binary-expr","locations":[{"start":{"line":262,"column":21},"end":{"line":262,"column":36}},{"start":{"line":262,"column":36},"end":{"line":262,"column":null}}],"line":262},"33":{"loc":{"start":{"line":294,"column":42},"end":{"line":294,"column":61}},"type":"binary-expr","locations":[{"start":{"line":294,"column":42},"end":{"line":294,"column":58}},{"start":{"line":294,"column":58},"end":{"line":294,"column":61}}],"line":294},"34":{"loc":{"start":{"line":305,"column":7},"end":{"line":306,"column":null}},"type":"binary-expr","locations":[{"start":{"line":305,"column":7},"end":{"line":305,"column":26}},{"start":{"line":305,"column":26},"end":{"line":305,"column":null}},{"start":{"line":306,"column":8},"end":{"line":306,"column":null}}],"line":305},"35":{"loc":{"start":{"line":309,"column":7},"end":{"line":310,"column":null}},"type":"binary-expr","locations":[{"start":{"line":309,"column":7},"end":{"line":309,"column":null}},{"start":{"line":310,"column":8},"end":{"line":310,"column":null}}],"line":309},"36":{"loc":{"start":{"line":313,"column":7},"end":{"line":321,"column":null}},"type":"binary-expr","locations":[{"start":{"line":313,"column":7},"end":{"line":313,"column":null}},{"start":{"line":314,"column":8},"end":{"line":321,"column":null}}],"line":313},"37":{"loc":{"start":{"line":316,"column":20},"end":{"line":316,"column":null}},"type":"binary-expr","locations":[{"start":{"line":316,"column":20},"end":{"line":316,"column":42}},{"start":{"line":316,"column":42},"end":{"line":316,"column":null}}],"line":316},"38":{"loc":{"start":{"line":318,"column":26},"end":{"line":318,"column":73}},"type":"binary-expr","locations":[{"start":{"line":318,"column":26},"end":{"line":318,"column":44}},{"start":{"line":318,"column":44},"end":{"line":318,"column":73}}],"line":318},"39":{"loc":{"start":{"line":324,"column":7},"end":{"line":330,"column":null}},"type":"binary-expr","locations":[{"start":{"line":324,"column":7},"end":{"line":324,"column":26}},{"start":{"line":324,"column":26},"end":{"line":324,"column":44}},{"start":{"line":324,"column":44},"end":{"line":324,"column":null}},{"start":{"line":325,"column":8},"end":{"line":330,"column":null}}],"line":324},"40":{"loc":{"start":{"line":333,"column":7},"end":{"line":348,"column":null}},"type":"binary-expr","locations":[{"start":{"line":333,"column":7},"end":{"line":333,"column":null}},{"start":{"line":334,"column":8},"end":{"line":348,"column":null}}],"line":333},"41":{"loc":{"start":{"line":335,"column":26},"end":{"line":335,"column":null}},"type":"binary-expr","locations":[{"start":{"line":335,"column":26},"end":{"line":335,"column":50}},{"start":{"line":335,"column":50},"end":{"line":335,"column":null}}],"line":335},"42":{"loc":{"start":{"line":344,"column":12},"end":{"line":345,"column":null}},"type":"if","locations":[{"start":{"line":344,"column":12},"end":{"line":345,"column":null}},{"start":{},"end":{}}],"line":344},"43":{"loc":{"start":{"line":344,"column":16},"end":{"line":344,"column":51}},"type":"binary-expr","locations":[{"start":{"line":344,"column":16},"end":{"line":344,"column":34}},{"start":{"line":344,"column":34},"end":{"line":344,"column":51}}],"line":344},"44":{"loc":{"start":{"line":361,"column":18},"end":{"line":361,"column":null}},"type":"cond-expr","locations":[{"start":{"line":361,"column":31},"end":{"line":361,"column":49}},{"start":{"line":361,"column":49},"end":{"line":361,"column":null}}],"line":361},"45":{"loc":{"start":{"line":364,"column":17},"end":{"line":364,"column":null}},"type":"cond-expr","locations":[{"start":{"line":364,"column":35},"end":{"line":364,"column":49}},{"start":{"line":364,"column":52},"end":{"line":364,"column":null}}],"line":364},"46":{"loc":{"start":{"line":364,"column":52},"end":{"line":364,"column":null}},"type":"cond-expr","locations":[{"start":{"line":364,"column":68},"end":{"line":364,"column":82}},{"start":{"line":364,"column":85},"end":{"line":364,"column":null}}],"line":364},"47":{"loc":{"start":{"line":364,"column":85},"end":{"line":364,"column":null}},"type":"cond-expr","locations":[{"start":{"line":364,"column":103},"end":{"line":364,"column":119}},{"start":{"line":364,"column":122},"end":{"line":364,"column":null}}],"line":364},"48":{"loc":{"start":{"line":364,"column":122},"end":{"line":364,"column":null}},"type":"cond-expr","locations":[{"start":{"line":364,"column":138},"end":{"line":364,"column":152}},{"start":{"line":364,"column":155},"end":{"line":364,"column":null}}],"line":364},"49":{"loc":{"start":{"line":365,"column":17},"end":{"line":366,"column":null}},"type":"binary-expr","locations":[{"start":{"line":365,"column":17},"end":{"line":365,"column":null}},{"start":{"line":366,"column":18},"end":{"line":366,"column":null}}],"line":365},"50":{"loc":{"start":{"line":376,"column":9},"end":{"line":473,"column":null}},"type":"cond-expr","locations":[{"start":{"line":377,"column":10},"end":{"line":413,"column":21}},{"start":{"line":413,"column":12},"end":{"line":473,"column":null}}],"line":376},"51":{"loc":{"start":{"line":413,"column":12},"end":{"line":473,"column":null}},"type":"cond-expr","locations":[{"start":{"line":414,"column":10},"end":{"line":429,"column":21}},{"start":{"line":429,"column":12},"end":{"line":473,"column":null}}],"line":413},"52":{"loc":{"start":{"line":429,"column":12},"end":{"line":473,"column":null}},"type":"cond-expr","locations":[{"start":{"line":430,"column":10},"end":{"line":439,"column":21}},{"start":{"line":439,"column":12},"end":{"line":473,"column":null}}],"line":429},"53":{"loc":{"start":{"line":439,"column":12},"end":{"line":473,"column":null}},"type":"cond-expr","locations":[{"start":{"line":440,"column":10},"end":{"line":463,"column":11}},{"start":{"line":463,"column":10},"end":{"line":473,"column":null}}],"line":439},"54":{"loc":{"start":{"line":467,"column":24},"end":{"line":467,"column":null}},"type":"binary-expr","locations":[{"start":{"line":467,"column":24},"end":{"line":467,"column":38}},{"start":{"line":467,"column":38},"end":{"line":467,"column":null}}],"line":467},"55":{"loc":{"start":{"line":468,"column":53},"end":{"line":468,"column":65}},"type":"binary-expr","locations":[{"start":{"line":468,"column":53},"end":{"line":468,"column":60}},{"start":{"line":468,"column":60},"end":{"line":468,"column":65}}],"line":468}},"s":{"0":1,"1":115,"2":115,"3":115,"4":115,"5":115,"6":115,"7":115,"8":16,"9":115,"10":115,"11":115,"12":115,"13":115,"14":115,"15":115,"16":115,"17":115,"18":115,"19":115,"20":115,"21":115,"22":115,"23":115,"24":115,"25":16,"26":16,"27":16,"28":16,"29":16,"30":0,"31":0,"32":0,"33":0,"34":16,"35":0,"36":0,"37":115,"38":16,"39":115,"40":16,"41":16,"42":16,"43":0,"44":115,"45":16,"46":115,"47":53,"48":23,"49":3,"50":2,"51":115,"52":53,"53":23,"54":3,"55":23,"56":23,"57":3,"58":23,"59":115,"60":33,"61":115,"62":115,"63":21,"64":21,"65":21,"66":115,"67":21,"68":17,"69":4,"70":0,"71":0,"72":0,"73":4,"74":4,"75":115,"76":37,"77":0,"78":0,"79":0,"80":0,"81":37,"82":37,"83":115,"84":77,"85":0,"86":0,"87":0,"88":16,"89":16,"90":16,"91":115,"92":115,"93":115,"94":16,"95":0,"96":0,"97":0,"98":0,"99":0,"100":0,"101":0,"102":16,"103":16,"104":16,"105":16,"106":115,"107":0,"108":0,"109":0,"110":0,"111":0,"112":115,"113":115,"114":115,"115":115,"116":0,"117":0,"118":0,"119":0,"120":0,"121":0,"122":0,"123":0,"124":0,"125":0,"126":0,"127":0,"128":15,"129":15,"130":1,"131":14,"132":14,"133":14,"134":14,"135":14,"136":4,"137":5,"138":4,"139":4,"140":5,"141":4,"142":4,"143":4,"144":1,"145":1,"146":1,"147":1,"148":1,"149":1,"150":1,"151":1,"152":1,"153":1,"154":1,"155":1,"156":1,"157":1,"158":1,"159":1,"160":1,"161":1,"162":0,"163":0,"164":0,"165":0,"166":1,"167":1,"168":0,"169":0,"170":0,"171":0,"172":0,"173":0,"174":0,"175":0,"176":0,"177":0,"178":0,"179":0,"180":0,"181":0,"182":0,"183":0,"184":0,"185":0,"186":0,"187":115,"188":0,"189":0,"190":0,"191":0,"192":0,"193":0,"194":0,"195":0,"196":0,"197":0,"198":0,"199":0,"200":0,"201":0,"202":575,"203":0,"204":0,"205":0,"206":0,"207":0,"208":0,"209":0,"210":0,"211":0,"212":0,"213":0,"214":0,"215":0,"216":0,"217":0,"218":0,"219":0,"220":0,"221":0,"222":0,"223":0,"224":0,"225":0},"f":{"0":115,"1":16,"2":16,"3":16,"4":0,"5":0,"6":16,"7":16,"8":16,"9":0,"10":16,"11":53,"12":23,"13":3,"14":2,"15":53,"16":23,"17":3,"18":3,"19":33,"20":21,"21":21,"22":0,"23":4,"24":37,"25":0,"26":0,"27":37,"28":16,"29":77,"30":0,"31":16,"32":16,"33":0,"34":0,"35":16,"36":16,"37":0,"38":0,"39":0,"40":0,"41":0,"42":15,"43":4,"44":5,"45":5,"46":1,"47":1,"48":1,"49":1,"50":0,"51":0,"52":0,"53":0,"54":0,"55":0,"56":0,"57":0,"58":0,"59":0,"60":0,"61":0,"62":0,"63":0,"64":0,"65":0,"66":0,"67":0,"68":575,"69":0,"70":0,"71":0,"72":0,"73":0,"74":0,"75":0,"76":0,"77":0,"78":0,"79":0,"80":0},"b":{"0":[0,16],"1":[0,0],"2":[0,16],"3":[3,2],"4":[23,0],"5":[23,21],"6":[115,107],"7":[17,4],"8":[21,4],"9":[0,0],"10":[0,0],"11":[0,0],"12":[0,77],"13":[77,14,14],"14":[8,107],"15":[115,107],"16":[0,0],"17":[0,0],"18":[0,0],"19":[115,0],"20":[115,115,115,8],"21":[0,0],"22":[1,14],"23":[4,0],"24":[1,3],"25":[4,1],"26":[1,0],"27":[1,1],"28":[1,1],"29":[0,1],"30":[0,0],"31":[0,0],"32":[1,0],"33":[0,0],"34":[115,115,85],"35":[115,0],"36":[115,0],"37":[0,0],"38":[0,0],"39":[115,0,0,0],"40":[115,0],"41":[0,0],"42":[0,0],"43":[0,0],"44":[115,460],"45":[115,460],"46":[115,345],"47":[115,230],"48":[115,115],"49":[575,115],"50":[115,0],"51":[0,0],"52":[0,0],"53":[0,0],"54":[0,0],"55":[0,0]},"meta":{"lastBranch":56,"lastFunction":81,"lastStatement":226,"seen":{"s:32:20:32:Infinity":0,"f:36:16:36:20":0,"s:37:10:37:25":1,"s:38:150:38:183":2,"s:41:16:41:40":3,"s:42:15:42:101":4,"s:43:26:43:63":5,"s:44:22:44:55":6,"s:45:25:46:Infinity":7,"f:45:46:45:Infinity":1,"s:46:10:46:Infinity":8,"s:48:21:48:63":9,"s:49:24:49:80":10,"s:50:21:50:67":11,"s:51:23:51:71":12,"s:52:25:52:75":13,"s:53:22:53:55":14,"s:56:22:56:79":15,"s:57:26:57:63":16,"s:58:22:58:55":17,"s:59:25:59:75":18,"s:60:23:60:57":19,"s:61:25:61:57":20,"s:64:2:64:Infinity":21,"s:65:8:65:42":22,"s:66:8:66:42":23,"s:69:2:88:Infinity":24,"f:69:2:69:18":2,"s:70:4:87:Infinity":25,"f:76:7:76:13":3,"s:77:6:77:Infinity":26,"s:78:6:78:Infinity":27,"s:79:6:79:Infinity":28,"b:80:6:82:Infinity:undefined:undefined:undefined:undefined":0,"s:80:6:82:Infinity":29,"s:81:22:81:64":30,"f:81:36:81:41":4,"s:81:46:81:64":31,"b:82:8:82:Infinity:undefined:undefined:undefined:undefined":1,"s:82:8:82:Infinity":32,"s:82:19:82:Infinity":33,"b:84:6:84:Infinity:undefined:undefined:undefined:undefined":2,"s:84:6:84:Infinity":34,"s:84:29:84:Infinity":35,"f:85:7:85:13":5,"s:86:6:86:Infinity":36,"s:90:8:90:59":37,"f:90:16:90:30":6,"s:90:16:90:54":38,"s:92:2:102:Infinity":39,"f:92:2:92:18":7,"s:93:4:101:Infinity":40,"f:96:7:96:13":8,"s:97:6:97:Infinity":41,"s:98:6:98:Infinity":42,"f:99:7:99:13":9,"s:100:6:100:Infinity":43,"s:104:8:104:63":44,"f:104:20:104:34":10,"s:104:20:104:53":45,"s:105:8:110:42":46,"f:105:18:105:32":11,"s:105:32:109:Infinity":47,"f:106:15:106:19":12,"s:106:24:108:Infinity":48,"f:108:36:108:43":13,"s:108:48:108:70":49,"f:108:71:108:75":14,"s:108:80:108:87":50,"s:112:8:119:51":51,"f:112:27:112:Infinity":15,"s:113:4:118:7":52,"f:113:34:113:38":16,"s:114:26:114:76":53,"f:114:42:114:49":17,"s:114:54:114:76":54,"s:115:14:115:65":55,"s:116:24:116:Infinity":56,"f:116:33:116:40":18,"s:116:45:116:86":57,"b:116:45:116:70:116:64:116:86":3,"s:117:6:117:Infinity":58,"b:117:30:117:47:117:47:117:50":4,"b:117:71:117:87:117:87:117:93":5,"s:122:25:122:69":59,"f:122:36:122:41":19,"s:122:46:122:69":60,"s:123:26:123:Infinity":61,"b:123:26:123:68:123:68:123:Infinity":6,"s:126:2:130:Infinity":62,"f:126:2:126:18":20,"s:127:4:127:Infinity":63,"s:128:4:128:Infinity":64,"s:129:4:129:Infinity":65,"s:133:2:140:Infinity":66,"f:133:2:133:18":21,"b:134:4:134:Infinity:undefined:undefined:undefined:undefined":7,"s:134:4:134:Infinity":67,"b:134:8:134:28:134:28:134:45":8,"s:134:45:134:Infinity":68,"s:135:15:138:19":69,"f:135:15:135:33":22,"s:136:12:136:Infinity":70,"b:137:6:137:Infinity:undefined:undefined:undefined:undefined":9,"s:137:6:137:Infinity":71,"s:137:25:137:Infinity":72,"s:139:4:139:Infinity":73,"f:139:4:139:17":23,"s:139:17:139:34":74,"s:143:2:151:Infinity":75,"f:143:2:143:18":24,"s:144:15:149:14":76,"f:144:15:144:33":25,"s:145:19:145:40":77,"b:146:6:147:Infinity:undefined:undefined:undefined:undefined":10,"s:146:6:147:Infinity":78,"b:146:10:146:25:146:25:146:69":11,"f:146:36:146:42":26,"s:146:47:146:69":79,"s:147:8:147:Infinity":80,"s:150:4:150:Infinity":81,"f:150:4:150:17":27,"s:150:17:150:34":82,"s:154:2:160:Infinity":83,"f:154:2:154:18":28,"f:155:13:155:19":29,"b:156:6:156:Infinity:undefined:undefined:undefined:undefined":12,"s:156:6:156:Infinity":84,"b:156:10:156:28:156:28:156:41:156:41:156:53":13,"s:156:55:156:75":85,"s:156:75:156:Infinity":86,"f:156:75:156:90":30,"s:156:95:156:98":87,"s:158:4:158:Infinity":88,"s:159:4:159:Infinity":89,"f:159:4:159:17":31,"s:159:17:159:61":90,"s:163:21:163:Infinity":91,"b:163:21:163:82:163:85:163:Infinity":14,"s:164:2:164:Infinity":92,"b:164:16:164:40:164:40:164:46":15,"s:166:2:176:Infinity":93,"f:166:2:166:18":32,"s:167:10:171:Infinity":94,"f:167:10:167:25":33,"s:168:20:168:44":95,"s:169:21:169:71":96,"f:169:38:169:43":34,"s:169:48:169:71":97,"b:170:6:171:Infinity:171:15:171:Infinity":16,"s:170:6:171:Infinity":98,"s:170:18:170:Infinity":99,"b:171:15:171:Infinity:undefined:undefined:undefined:undefined":17,"s:171:15:171:Infinity":100,"s:171:44:171:Infinity":101,"s:174:4:174:Infinity":102,"f:174:40:174:45":35,"s:174:53:174:68":103,"s:175:4:175:Infinity":104,"f:175:4:175:17":36,"s:175:19:175:Infinity":105,"s:178:8:182:8":106,"f:178:21:178:39":37,"s:179:18:179:42":107,"s:180:19:180:69":108,"f:180:36:180:41":38,"s:180:46:180:69":109,"b:181:4:181:Infinity:undefined:undefined:undefined:undefined":18,"s:181:4:181:Infinity":110,"s:181:16:181:Infinity":111,"s:184:2:184:Infinity":112,"f:184:34:184:52":39,"s:187:14:187:24":113,"s:188:26:188:Infinity":114,"b:188:26:188:53:188:53:188:Infinity":19,"s:189:26:192:67":115,"b:189:26:189:Infinity:190:7:190:Infinity:191:7:191:Infinity:191:27:192:67":20,"f:195:17:195:42":40,"s:196:4:200:Infinity":116,"s:197:6:197:Infinity":117,"s:198:35:198:59":118,"s:199:22:199:Infinity":119,"s:200:6:200:Infinity":120,"s:202:18:202:64":121,"f:202:32:202:37":41,"s:202:42:202:64":122,"b:203:4:203:Infinity:undefined:undefined:undefined:undefined":21,"s:203:4:203:Infinity":123,"s:203:17:203:40":124,"s:203:40:203:Infinity":125,"s:204:4:204:Infinity":126,"s:205:4:205:Infinity":127,"f:208:17:208:29":42,"s:209:17:209:29":128,"b:210:4:210:Infinity:undefined:undefined:undefined:undefined":22,"s:210:4:210:Infinity":129,"s:210:15:210:Infinity":130,"s:211:4:211:Infinity":131,"s:212:4:212:Infinity":132,"s:213:33:213:57":133,"s:214:20:214:Infinity":134,"s:215:4:215:Infinity":135,"f:218:17:218:29":43,"s:219:17:219:61":136,"f:219:28:219:33":44,"s:219:38:219:61":137,"s:220:4:220:Infinity":138,"s:221:16:221:49":139,"f:221:27:221:32":45,"s:221:37:221:49":140,"b:222:4:222:Infinity:undefined:undefined:undefined:undefined":23,"s:222:4:222:Infinity":141,"s:222:13:222:Infinity":142,"b:223:4:225:Infinity:undefined:undefined:undefined:undefined":24,"s:223:4:225:Infinity":143,"b:223:8:223:16:223:16:223:32":25,"s:224:30:224:54":144,"s:225:6:225:Infinity":145,"f:229:17:229:30":46,"s:230:4:230:Infinity":146,"s:231:4:231:Infinity":147,"f:234:17:234:30":47,"s:235:4:235:Infinity":148,"s:236:4:236:Infinity":149,"f:239:17:239:28":48,"s:240:16:240:49":150,"f:240:27:240:32":49,"s:240:37:240:49":151,"s:241:18:241:Infinity":152,"s:242:10:242:63":153,"s:243:4:243:Infinity":154,"s:244:28:244:52":155,"s:245:18:245:Infinity":156,"s:246:4:246:Infinity":157,"b:248:4:263:Infinity:undefined:undefined:undefined:undefined":26,"s:248:4:263:Infinity":158,"b:248:8:248:15:248:15:248:22":27,"s:249:6:249:Infinity":159,"s:252:21:252:Infinity":160,"b:252:21:252:41:252:41:252:Infinity":28,"b:253:6:257:Infinity:undefined:undefined:undefined:undefined":29,"s:253:6:257:Infinity":161,"s:254:28:254:Infinity":162,"b:255:8:257:Infinity:undefined:undefined:undefined:undefined":30,"s:255:8:257:Infinity":163,"b:255:12:255:37:255:37:255:60":31,"s:256:10:256:Infinity":164,"s:257:10:257:Infinity":165,"s:262:21:262:Infinity":166,"b:262:21:262:36:262:36:262:Infinity":32,"s:263:6:263:Infinity":167,"f:267:17:267:31":50,"s:268:4:268:Infinity":168,"s:269:4:269:Infinity":169,"f:272:17:272:32":51,"s:273:4:273:Infinity":170,"s:274:4:274:Infinity":171,"f:277:11:277:24":52,"s:278:4:278:Infinity":172,"f:281:17:281:36":53,"s:282:10:282:50":173,"s:283:4:283:Infinity":174,"s:284:4:284:Infinity":175,"f:284:4:284:18":54,"s:284:26:284:46":176,"f:287:17:287:34":55,"s:288:10:288:58":177,"s:289:4:289:Infinity":178,"s:290:4:290:Infinity":179,"s:292:20:292:75":180,"f:292:31:292:39":56,"s:292:50:292:73":181,"s:293:19:293:Infinity":182,"f:293:38:293:44":57,"s:293:53:293:87":183,"s:294:4:294:Infinity":184,"b:294:42:294:58:294:58:294:61":33,"f:297:11:297:28":58,"s:298:4:298:Infinity":185,"s:299:4:299:Infinity":186,"s:303:2:476:Infinity":187,"b:305:7:305:26:305:26:305:Infinity:306:8:306:Infinity":34,"b:309:7:309:Infinity:310:8:310:Infinity":35,"f:310:80:310:95":59,"s:310:95:310:120":188,"b:313:7:313:Infinity:314:8:321:Infinity":36,"b:316:20:316:42:316:42:316:Infinity":37,"f:317:10:317:19":60,"s:317:27:317:44":189,"s:317:44:317:Infinity":190,"f:318:10:318:24":61,"s:318:26:318:75":191,"b:318:26:318:44:318:44:318:73":38,"s:318:75:318:Infinity":192,"f:319:10:319:22":62,"s:319:29:319:41":193,"s:319:41:319:Infinity":194,"f:320:10:320:25":63,"s:320:25:320:Infinity":195,"b:324:7:324:26:324:26:324:44:324:44:324:Infinity:325:8:330:Infinity":39,"f:329:10:329:24":64,"s:329:24:329:Infinity":196,"b:333:7:333:Infinity:334:8:348:Infinity":40,"b:335:26:335:50:335:50:335:Infinity":41,"f:340:10:340:33":65,"s:340:33:340:53":197,"f:342:10:342:32":66,"s:343:12:343:Infinity":198,"f:343:12:343:30":67,"s:343:35:343:41":199,"b:344:12:345:Infinity:undefined:undefined:undefined:undefined":42,"s:344:12:345:Infinity":200,"b:344:16:344:34:344:34:344:51":43,"s:345:14:345:Infinity":201,"f:356:77:356:81":68,"s:357:14:368:Infinity":202,"f:359:16:359:31":69,"s:359:31:359:41":203,"b:361:31:361:49:361:49:361:Infinity":44,"b:364:35:364:49:364:52:364:Infinity":45,"b:364:68:364:82:364:85:364:Infinity":46,"b:364:103:364:119:364:122:364:Infinity":47,"b:364:138:364:152:364:155:364:Infinity":48,"b:365:17:365:Infinity:366:18:366:Infinity":49,"b:377:10:413:21:413:12:473:Infinity":50,"f:396:12:396:31":70,"s:396:31:396:55":204,"f:397:26:397:33":71,"s:398:32:398:122":205,"s:399:30:406:Infinity":206,"s:407:14:407:Infinity":207,"s:408:34:408:109":208,"s:409:14:409:Infinity":209,"b:414:10:429:21:429:12:473:Infinity":51,"f:416:35:416:39":72,"s:416:45:420:15":210,"f:425:12:425:26":73,"s:425:26:425:44":211,"f:426:12:426:29":74,"s:426:29:426:49":212,"b:430:10:439:21:439:12:473:Infinity":52,"f:433:30:433:37":75,"s:434:14:434:Infinity":213,"s:435:34:435:109":214,"s:436:14:436:Infinity":215,"b:440:10:463:11:463:10:473:Infinity":53,"f:445:12:445:31":76,"s:446:34:446:79":216,"f:446:50:446:57":77,"s:446:62:446:79":217,"s:447:20:452:Infinity":218,"f:451:27:451:32":78,"s:451:44:451:86":219,"s:454:14:459:Infinity":220,"f:454:48:454:60":79,"s:455:26:455:53":221,"s:456:16:456:Infinity":222,"s:457:16:457:Infinity":223,"s:458:16:458:Infinity":224,"b:467:24:467:38:467:38:467:Infinity":54,"f:468:12:468:32":80,"s:468:39:468:65":225,"b:468:53:468:60:468:60:468:65":55}}}
,"/mnt/c/Users/Pichau/OneDrive/Documentos/Productivity Challenge/src/components/CategoryGoal.tsx": {"path":"/mnt/c/Users/Pichau/OneDrive/Documentos/Productivity Challenge/src/components/CategoryGoal.tsx","statementMap":{"0":{"start":{"line":12,"column":22},"end":{"line":12,"column":55}},"1":{"start":{"line":13,"column":20},"end":{"line":13,"column":48}},"2":{"start":{"line":14,"column":8},"end":{"line":14,"column":53}},"3":{"start":{"line":16,"column":23},"end":{"line":16,"column":null}},"4":{"start":{"line":17,"column":22},"end":{"line":17,"column":52}},"5":{"start":{"line":19,"column":2},"end":{"line":21,"column":null}},"6":{"start":{"line":20,"column":4},"end":{"line":20,"column":null}},"7":{"start":{"line":20,"column":21},"end":{"line":20,"column":null}},"8":{"start":{"line":24,"column":18},"end":{"line":24,"column":39}},"9":{"start":{"line":25,"column":4},"end":{"line":25,"column":null}},"10":{"start":{"line":25,"column":36},"end":{"line":25,"column":null}},"11":{"start":{"line":26,"column":4},"end":{"line":26,"column":null}},"12":{"start":{"line":27,"column":4},"end":{"line":27,"column":null}},"13":{"start":{"line":31,"column":4},"end":{"line":31,"column":null}},"14":{"start":{"line":32,"column":4},"end":{"line":32,"column":null}},"15":{"start":{"line":35,"column":2},"end":{"line":110,"column":null}},"16":{"start":{"line":72,"column":31},"end":{"line":72,"column":59}},"17":{"start":{"line":74,"column":18},"end":{"line":74,"column":null}},"18":{"start":{"line":74,"column":41},"end":{"line":74,"column":null}},"19":{"start":{"line":75,"column":18},"end":{"line":75,"column":null}},"20":{"start":{"line":75,"column":42},"end":{"line":75,"column":null}},"21":{"start":{"line":79,"column":18},"end":{"line":79,"column":null}},"22":{"start":{"line":79,"column":70},"end":{"line":79,"column":null}},"23":{"start":{"line":90,"column":36},"end":{"line":90,"column":54}},"24":{"start":{"line":91,"column":35},"end":{"line":91,"column":59}},"25":{"start":{"line":91,"column":59},"end":{"line":91,"column":82}},"26":{"start":{"line":91,"column":82},"end":{"line":91,"column":null}},"27":{"start":{"line":102,"column":14},"end":{"line":102,"column":null}},"28":{"start":{"line":103,"column":14},"end":{"line":103,"column":null}}},"fnMap":{"0":{"name":"CategoryGoal","decl":{"start":{"line":11,"column":16},"end":{"line":11,"column":29}},"loc":{"start":{"line":11,"column":82},"end":{"line":110,"column":null}},"line":11},"1":{"name":"(anonymous_1)","decl":{"start":{"line":19,"column":2},"end":{"line":19,"column":18}},"loc":{"start":{"line":19,"column":18},"end":{"line":21,"column":6}},"line":19},"2":{"name":"commitGoal","decl":{"start":{"line":23,"column":11},"end":{"line":23,"column":24}},"loc":{"start":{"line":23,"column":24},"end":{"line":27,"column":null}},"line":23},"3":{"name":"cancelGoal","decl":{"start":{"line":30,"column":11},"end":{"line":30,"column":24}},"loc":{"start":{"line":30,"column":24},"end":{"line":32,"column":null}},"line":30},"4":{"name":"(anonymous_4)","decl":{"start":{"line":72,"column":16},"end":{"line":72,"column":26}},"loc":{"start":{"line":72,"column":31},"end":{"line":72,"column":59}},"line":72},"5":{"name":"(anonymous_5)","decl":{"start":{"line":73,"column":16},"end":{"line":73,"column":27}},"loc":{"start":{"line":73,"column":32},"end":{"line":75,"column":null}},"line":73},"6":{"name":"(anonymous_6)","decl":{"start":{"line":77,"column":16},"end":{"line":77,"column":24}},"loc":{"start":{"line":77,"column":29},"end":{"line":79,"column":null}},"line":77},"7":{"name":"(anonymous_7)","decl":{"start":{"line":90,"column":18},"end":{"line":90,"column":31}},"loc":{"start":{"line":90,"column":36},"end":{"line":90,"column":54}},"line":90},"8":{"name":"(anonymous_8)","decl":{"start":{"line":91,"column":18},"end":{"line":91,"column":33}},"loc":{"start":{"line":91,"column":33},"end":{"line":91,"column":null}},"line":91},"9":{"name":"(anonymous_9)","decl":{"start":{"line":101,"column":12},"end":{"line":101,"column":27}},"loc":{"start":{"line":101,"column":27},"end":{"line":103,"column":null}},"line":101}},"branchMap":{"0":{"loc":{"start":{"line":16,"column":23},"end":{"line":16,"column":null}},"type":"cond-expr","locations":[{"start":{"line":16,"column":36},"end":{"line":16,"column":66}},{"start":{"line":16,"column":69},"end":{"line":16,"column":null}}],"line":16},"1":{"loc":{"start":{"line":20,"column":4},"end":{"line":20,"column":null}},"type":"if","locations":[{"start":{"line":20,"column":4},"end":{"line":20,"column":null}},{"start":{},"end":{}}],"line":20},"2":{"loc":{"start":{"line":25,"column":4},"end":{"line":25,"column":null}},"type":"if","locations":[{"start":{"line":25,"column":4},"end":{"line":25,"column":null}},{"start":{},"end":{}}],"line":25},"3":{"loc":{"start":{"line":25,"column":8},"end":{"line":25,"column":36}},"type":"binary-expr","locations":[{"start":{"line":25,"column":8},"end":{"line":25,"column":21}},{"start":{"line":25,"column":25},"end":{"line":25,"column":36}}],"line":25},"4":{"loc":{"start":{"line":37,"column":7},"end":{"line":59,"column":7}},"type":"binary-expr","locations":[{"start":{"line":37,"column":7},"end":{"line":37,"column":null}},{"start":{"line":38,"column":8},"end":{"line":59,"column":7}}],"line":37},"5":{"loc":{"start":{"line":45,"column":55},"end":{"line":45,"column":null}},"type":"cond-expr","locations":[{"start":{"line":45,"column":76},"end":{"line":45,"column":97}},{"start":{"line":45,"column":97},"end":{"line":45,"column":null}}],"line":45},"6":{"loc":{"start":{"line":52,"column":63},"end":{"line":52,"column":null}},"type":"cond-expr","locations":[{"start":{"line":52,"column":84},"end":{"line":52,"column":103}},{"start":{"line":52,"column":103},"end":{"line":52,"column":null}}],"line":52},"7":{"loc":{"start":{"line":60,"column":9},"end":{"line":107,"column":null}},"type":"cond-expr","locations":[{"start":{"line":61,"column":10},"end":{"line":99,"column":11}},{"start":{"line":99,"column":10},"end":{"line":107,"column":null}}],"line":60},"8":{"loc":{"start":{"line":74,"column":18},"end":{"line":74,"column":null}},"type":"if","locations":[{"start":{"line":74,"column":18},"end":{"line":74,"column":null}},{"start":{},"end":{}}],"line":74},"9":{"loc":{"start":{"line":75,"column":18},"end":{"line":75,"column":null}},"type":"if","locations":[{"start":{"line":75,"column":18},"end":{"line":75,"column":null}},{"start":{},"end":{}}],"line":75},"10":{"loc":{"start":{"line":79,"column":18},"end":{"line":79,"column":null}},"type":"if","locations":[{"start":{"line":79,"column":18},"end":{"line":79,"column":null}},{"start":{},"end":{}}],"line":79},"11":{"loc":{"start":{"line":84,"column":13},"end":{"line":94,"column":null}},"type":"binary-expr","locations":[{"start":{"line":84,"column":13},"end":{"line":84,"column":28}},{"start":{"line":84,"column":28},"end":{"line":84,"column":null}},{"start":{"line":85,"column":14},"end":{"line":94,"column":null}}],"line":84},"12":{"loc":{"start":{"line":102,"column":27},"end":{"line":102,"column":72}},"type":"cond-expr","locations":[{"start":{"line":102,"column":40},"end":{"line":102,"column":66}},{"start":{"line":102,"column":69},"end":{"line":102,"column":72}}],"line":102},"13":{"loc":{"start":{"line":106,"column":13},"end":{"line":106,"column":null}},"type":"cond-expr","locations":[{"start":{"line":106,"column":26},"end":{"line":106,"column":40}},{"start":{"line":106,"column":40},"end":{"line":106,"column":null}}],"line":106}},"s":{"0":78,"1":78,"2":78,"3":78,"4":78,"5":78,"6":40,"7":3,"8":0,"9":0,"10":0,"11":0,"12":0,"13":0,"14":0,"15":78,"16":0,"17":0,"18":0,"19":0,"20":0,"21":0,"22":0,"23":1,"24":1,"25":1,"26":1,"27":3,"28":3},"f":{"0":78,"1":40,"2":0,"3":0,"4":0,"5":0,"6":0,"7":1,"8":1,"9":3},"b":{"0":[0,78],"1":[3,37],"2":[0,0],"3":[0,0],"4":[78,0],"5":[0,0],"6":[0,0],"7":[3,75],"8":[0,0],"9":[0,0],"10":[0,0],"11":[3,2,2],"12":[0,3],"13":[0,75]},"meta":{"lastBranch":14,"lastFunction":10,"lastStatement":29,"seen":{"f:11:16:11:29":0,"s:12:22:12:55":0,"s:13:20:13:48":1,"s:14:8:14:53":2,"s:16:23:16:Infinity":3,"b:16:36:16:66:16:69:16:Infinity":0,"s:17:22:17:52":4,"s:19:2:21:Infinity":5,"f:19:2:19:18":1,"b:20:4:20:Infinity:undefined:undefined:undefined:undefined":1,"s:20:4:20:Infinity":6,"s:20:21:20:Infinity":7,"f:23:11:23:24":2,"s:24:18:24:39":8,"b:25:4:25:Infinity:undefined:undefined:undefined:undefined":2,"s:25:4:25:Infinity":9,"b:25:8:25:21:25:25:25:36":3,"s:25:36:25:Infinity":10,"s:26:4:26:Infinity":11,"s:27:4:27:Infinity":12,"f:30:11:30:24":3,"s:31:4:31:Infinity":13,"s:32:4:32:Infinity":14,"s:35:2:110:Infinity":15,"b:37:7:37:Infinity:38:8:59:7":4,"b:45:76:45:97:45:97:45:Infinity":5,"b:52:84:52:103:52:103:52:Infinity":6,"b:61:10:99:11:99:10:107:Infinity":7,"f:72:16:72:26":4,"s:72:31:72:59":16,"f:73:16:73:27":5,"b:74:18:74:Infinity:undefined:undefined:undefined:undefined":8,"s:74:18:74:Infinity":17,"s:74:41:74:Infinity":18,"b:75:18:75:Infinity:undefined:undefined:undefined:undefined":9,"s:75:18:75:Infinity":19,"s:75:42:75:Infinity":20,"f:77:16:77:24":6,"b:79:18:79:Infinity:undefined:undefined:undefined:undefined":10,"s:79:18:79:Infinity":21,"s:79:70:79:Infinity":22,"b:84:13:84:28:84:28:84:Infinity:85:14:94:Infinity":11,"f:90:18:90:31":7,"s:90:36:90:54":23,"f:91:18:91:33":8,"s:91:35:91:59":24,"s:91:59:91:82":25,"s:91:82:91:Infinity":26,"f:101:12:101:27":9,"s:102:14:102:Infinity":27,"b:102:40:102:66:102:69:102:72":12,"s:103:14:103:Infinity":28,"b:106:26:106:40:106:40:106:Infinity":13}}}
,"/mnt/c/Users/Pichau/OneDrive/Documentos/Productivity Challenge/src/components/CategoryItem.tsx": {"path":"/mnt/c/Users/Pichau/OneDrive/Documentos/Productivity Challenge/src/components/CategoryItem.tsx","statementMap":{"0":{"start":{"line":9,"column":31},"end":{"line":9,"column":null}},"1":{"start":{"line":11,"column":20},"end":{"line":11,"column":null}},"2":{"start":{"line":36,"column":10},"end":{"line":36,"column":25}},"3":{"start":{"line":37,"column":21},"end":{"line":37,"column":53}},"4":{"start":{"line":38,"column":26},"end":{"line":38,"column":63}},"5":{"start":{"line":39,"column":22},"end":{"line":39,"column":79}},"6":{"start":{"line":40,"column":24},"end":{"line":40,"column":59}},"7":{"start":{"line":42,"column":8},"end":{"line":42,"column":68}},"8":{"start":{"line":43,"column":18},"end":{"line":43,"column":null}},"9":{"start":{"line":44,"column":20},"end":{"line":44,"column":null}},"10":{"start":{"line":45,"column":17},"end":{"line":45,"column":null}},"11":{"start":{"line":46,"column":26},"end":{"line":46,"column":null}},"12":{"start":{"line":47,"column":19},"end":{"line":47,"column":null}},"13":{"start":{"line":49,"column":2},"end":{"line":187,"column":null}},"14":{"start":{"line":64,"column":27},"end":{"line":64,"column":54}},"15":{"start":{"line":64,"column":51},"end":{"line":64,"column":54}},"16":{"start":{"line":70,"column":16},"end":{"line":76,"column":null}},"17":{"start":{"line":74,"column":35},"end":{"line":74,"column":52}},"18":{"start":{"line":74,"column":52},"end":{"line":74,"column":null}},"19":{"start":{"line":102,"column":29},"end":{"line":102,"column":54}},"20":{"start":{"line":102,"column":51},"end":{"line":102,"column":54}},"21":{"start":{"line":109,"column":18},"end":{"line":117,"column":null}},"22":{"start":{"line":114,"column":37},"end":{"line":114,"column":56}},"23":{"start":{"line":114,"column":56},"end":{"line":114,"column":null}},"24":{"start":{"line":122,"column":37},"end":{"line":122,"column":64}},"25":{"start":{"line":122,"column":64},"end":{"line":122,"column":null}},"26":{"start":{"line":144,"column":31},"end":{"line":144,"column":43}},"27":{"start":{"line":144,"column":43},"end":{"line":144,"column":null}},"28":{"start":{"line":151,"column":29},"end":{"line":151,"column":49}},"29":{"start":{"line":161,"column":29},"end":{"line":161,"column":48}},"30":{"start":{"line":169,"column":33},"end":{"line":169,"column":54}},"31":{"start":{"line":169,"column":54},"end":{"line":169,"column":null}}},"fnMap":{"0":{"name":"CategoryItem","decl":{"start":{"line":35,"column":16},"end":{"line":35,"column":29}},"loc":{"start":{"line":35,"column":156},"end":{"line":187,"column":null}},"line":35},"1":{"name":"(anonymous_1)","decl":{"start":{"line":64,"column":12},"end":{"line":64,"column":27}},"loc":{"start":{"line":64,"column":27},"end":{"line":64,"column":54}},"line":64},"2":{"name":"(anonymous_2)","decl":{"start":{"line":64,"column":27},"end":{"line":64,"column":46}},"loc":{"start":{"line":64,"column":51},"end":{"line":64,"column":54}},"line":64},"3":{"name":"(anonymous_3)","decl":{"start":{"line":69,"column":31},"end":{"line":69,"column":35}},"loc":{"start":{"line":70,"column":16},"end":{"line":76,"column":null}},"line":70},"4":{"name":"(anonymous_4)","decl":{"start":{"line":74,"column":18},"end":{"line":74,"column":33}},"loc":{"start":{"line":74,"column":33},"end":{"line":74,"column":null}},"line":74},"5":{"name":"(anonymous_5)","decl":{"start":{"line":102,"column":14},"end":{"line":102,"column":29}},"loc":{"start":{"line":102,"column":29},"end":{"line":102,"column":54}},"line":102},"6":{"name":"(anonymous_6)","decl":{"start":{"line":102,"column":29},"end":{"line":102,"column":46}},"loc":{"start":{"line":102,"column":51},"end":{"line":102,"column":54}},"line":102},"7":{"name":"(anonymous_7)","decl":{"start":{"line":108,"column":29},"end":{"line":108,"column":33}},"loc":{"start":{"line":109,"column":18},"end":{"line":117,"column":null}},"line":109},"8":{"name":"(anonymous_8)","decl":{"start":{"line":114,"column":20},"end":{"line":114,"column":35}},"loc":{"start":{"line":114,"column":35},"end":{"line":114,"column":null}},"line":114},"9":{"name":"(anonymous_9)","decl":{"start":{"line":122,"column":20},"end":{"line":122,"column":35}},"loc":{"start":{"line":122,"column":35},"end":{"line":122,"column":null}},"line":122},"10":{"name":"(anonymous_10)","decl":{"start":{"line":144,"column":14},"end":{"line":144,"column":29}},"loc":{"start":{"line":144,"column":29},"end":{"line":144,"column":null}},"line":144},"11":{"name":"(anonymous_11)","decl":{"start":{"line":151,"column":14},"end":{"line":151,"column":29}},"loc":{"start":{"line":151,"column":29},"end":{"line":151,"column":49}},"line":151},"12":{"name":"(anonymous_12)","decl":{"start":{"line":161,"column":14},"end":{"line":161,"column":29}},"loc":{"start":{"line":161,"column":29},"end":{"line":161,"column":48}},"line":161},"13":{"name":"(anonymous_13)","decl":{"start":{"line":169,"column":16},"end":{"line":169,"column":31}},"loc":{"start":{"line":169,"column":31},"end":{"line":169,"column":null}},"line":169}},"branchMap":{"0":{"loc":{"start":{"line":42,"column":28},"end":{"line":42,"column":68}},"type":"binary-expr","locations":[{"start":{"line":42,"column":28},"end":{"line":42,"column":63}},{"start":{"line":42,"column":63},"end":{"line":42,"column":68}}],"line":42},"1":{"loc":{"start":{"line":45,"column":17},"end":{"line":45,"column":null}},"type":"binary-expr","locations":[{"start":{"line":45,"column":17},"end":{"line":45,"column":42}},{"start":{"line":45,"column":42},"end":{"line":45,"column":null}}],"line":45},"2":{"loc":{"start":{"line":46,"column":26},"end":{"line":46,"column":null}},"type":"cond-expr","locations":[{"start":{"line":46,"column":54},"end":{"line":46,"column":134}},{"start":{"line":46,"column":134},"end":{"line":46,"column":null}}],"line":46},"3":{"loc":{"start":{"line":46,"column":26},"end":{"line":46,"column":54}},"type":"binary-expr","locations":[{"start":{"line":46,"column":26},"end":{"line":46,"column":40}},{"start":{"line":46,"column":40},"end":{"line":46,"column":54}}],"line":46},"4":{"loc":{"start":{"line":47,"column":19},"end":{"line":47,"column":null}},"type":"binary-expr","locations":[{"start":{"line":47,"column":19},"end":{"line":47,"column":37}},{"start":{"line":47,"column":37},"end":{"line":47,"column":null}}],"line":47},"5":{"loc":{"start":{"line":51,"column":6},"end":{"line":53,"column":null}},"type":"cond-expr","locations":[{"start":{"line":52,"column":10},"end":{"line":52,"column":null}},{"start":{"line":53,"column":10},"end":{"line":53,"column":null}}],"line":51},"6":{"loc":{"start":{"line":67,"column":11},"end":{"line":78,"column":null}},"type":"binary-expr","locations":[{"start":{"line":67,"column":11},"end":{"line":67,"column":null}},{"start":{"line":68,"column":12},"end":{"line":78,"column":null}}],"line":67},"7":{"loc":{"start":{"line":72,"column":84},"end":{"line":72,"column":null}},"type":"cond-expr","locations":[{"start":{"line":72,"column":107},"end":{"line":72,"column":132}},{"start":{"line":72,"column":132},"end":{"line":72,"column":null}}],"line":72},"8":{"loc":{"start":{"line":85,"column":11},"end":{"line":86,"column":null}},"type":"binary-expr","locations":[{"start":{"line":85,"column":11},"end":{"line":85,"column":null}},{"start":{"line":86,"column":12},"end":{"line":86,"column":null}}],"line":85},"9":{"loc":{"start":{"line":88,"column":11},"end":{"line":92,"column":null}},"type":"binary-expr","locations":[{"start":{"line":88,"column":11},"end":{"line":88,"column":24}},{"start":{"line":88,"column":24},"end":{"line":88,"column":47}},{"start":{"line":88,"column":47},"end":{"line":88,"column":73}},{"start":{"line":88,"column":73},"end":{"line":88,"column":null}},{"start":{"line":89,"column":12},"end":{"line":92,"column":null}}],"line":88},"10":{"loc":{"start":{"line":90,"column":15},"end":{"line":90,"column":null}},"type":"binary-expr","locations":[{"start":{"line":90,"column":15},"end":{"line":90,"column":38}},{"start":{"line":90,"column":38},"end":{"line":90,"column":null}}],"line":90},"11":{"loc":{"start":{"line":91,"column":15},"end":{"line":91,"column":null}},"type":"binary-expr","locations":[{"start":{"line":91,"column":15},"end":{"line":91,"column":45}},{"start":{"line":91,"column":45},"end":{"line":91,"column":null}}],"line":91},"12":{"loc":{"start":{"line":92,"column":15},"end":{"line":92,"column":n
[...]
ine":14,"column":4},"end":{"line":14,"column":null}},{"start":{},"end":{}}],"line":14},"1":{"loc":{"start":{"line":17,"column":4},"end":{"line":17,"column":null}},"type":"if","locations":[{"start":{"line":17,"column":4},"end":{"line":17,"column":null}},{"start":{},"end":{}}],"line":17},"2":{"loc":{"start":{"line":17,"column":8},"end":{"line":17,"column":72}},"type":"binary-expr","locations":[{"start":{"line":17,"column":8},"end":{"line":17,"column":32}},{"start":{"line":17,"column":32},"end":{"line":17,"column":56}},{"start":{"line":17,"column":56},"end":{"line":17,"column":72}}],"line":17},"3":{"loc":{"start":{"line":18,"column":4},"end":{"line":18,"column":null}},"type":"if","locations":[{"start":{"line":18,"column":4},"end":{"line":18,"column":null}},{"start":{},"end":{}}],"line":18},"4":{"loc":{"start":{"line":19,"column":4},"end":{"line":19,"column":null}},"type":"if","locations":[{"start":{"line":19,"column":4},"end":{"line":19,"column":null}},{"start":{},"end":{}}],"line":19},"5":{"loc":{"start":{"line":20,"column":4},"end":{"line":20,"column":null}},"type":"if","locations":[{"start":{"line":20,"column":4},"end":{"line":20,"column":null}},{"start":{},"end":{}}],"line":20},"6":{"loc":{"start":{"line":21,"column":4},"end":{"line":21,"column":null}},"type":"if","locations":[{"start":{"line":21,"column":4},"end":{"line":21,"column":null}},{"start":{},"end":{}}],"line":21},"7":{"loc":{"start":{"line":29,"column":2},"end":{"line":29,"column":null}},"type":"if","locations":[{"start":{"line":29,"column":2},"end":{"line":29,"column":null}},{"start":{},"end":{}}],"line":29},"8":{"loc":{"start":{"line":43,"column":4},"end":{"line":43,"column":null}},"type":"if","locations":[{"start":{"line":43,"column":4},"end":{"line":43,"column":null}},{"start":{},"end":{}}],"line":43},"9":{"loc":{"start":{"line":62,"column":4},"end":{"line":62,"column":null}},"type":"if","locations":[{"start":{"line":62,"column":4},"end":{"line":62,"column":null}},{"start":{},"end":{}}],"line":62}},"s":{"0":7,"1":7,"2":7,"3":0,"4":7,"5":7,"6":0,"7":7,"8":0,"9":7,"10":0,"11":7,"12":0,"13":7,"14":0,"15":7,"16":0,"17":7,"18":0,"19":7,"20":7,"21":13,"22":6,"23":7,"24":7,"25":2,"26":1,"27":3,"28":3,"29":9,"30":3,"31":2,"32":1,"33":1,"34":1,"35":123},"f":{"0":7,"1":7,"2":123,"3":13,"4":7,"5":2,"6":1,"7":3,"8":9,"9":1,"10":1},"b":{"0":[0,7],"1":[0,7],"2":[7,7,7],"3":[0,7],"4":[0,7],"5":[0,7],"6":[0,7],"7":[0,7],"8":[6,7],"9":[2,1]},"meta":{"lastBranch":10,"lastFunction":11,"lastStatement":36,"seen":{"f:11:9:11:26":0,"s:12:2:24:Infinity":0,"s:13:19:13:31":1,"b:14:4:14:Infinity:undefined:undefined:undefined:undefined":0,"s:14:4:14:Infinity":2,"s:14:38:14:Infinity":3,"s:15:17:15:46":4,"b:17:4:17:Infinity:undefined:undefined:undefined:undefined":1,"s:17:4:17:Infinity":5,"b:17:8:17:32:17:32:17:56:17:56:17:72":2,"s:17:72:17:Infinity":6,"b:18:4:18:Infinity:undefined:undefined:undefined:undefined":3,"s:18:4:18:Infinity":7,"s:18:28:18:Infinity":8,"b:19:4:19:Infinity:undefined:undefined:undefined:undefined":4,"s:19:4:19:Infinity":9,"s:19:49:19:Infinity":10,"b:20:4:20:Infinity:undefined:undefined:undefined:undefined":5,"s:20:4:20:Infinity":11,"s:20:34:20:Infinity":12,"b:21:4:21:Infinity:undefined:undefined:undefined:undefined":6,"s:21:4:21:Infinity":13,"s:21:34:21:Infinity":14,"s:22:4:22:Infinity":15,"s:24:4:24:Infinity":16,"f:28:15:28:27":1,"b:29:2:29:Infinity:undefined:undefined:undefined:undefined":7,"s:29:2:29:Infinity":17,"s:29:30:29:Infinity":18,"s:30:2:36:Infinity":19,"s:31:4:35:Infinity":20,"f:41:16:41:28":2,"f:42:11:42:16":3,"b:43:4:43:Infinity:undefined:undefined:undefined:undefined":8,"s:43:4:43:Infinity":21,"s:43:21:43:Infinity":22,"s:44:4:44:Infinity":23,"f:47:11:47:26":4,"s:48:4:48:Infinity":24,"f:51:11:51:26":5,"s:52:4:52:Infinity":25,"f:55:11:55:25":6,"s:56:4:56:Infinity":26,"f:59:11:59:29":7,"s:60:23:60:Infinity":27,"s:61:22:61:56":28,"f:61:33:61:38":8,"s:61:43:61:56":29,"b:62:4:62:Infinity:undefined:undefined:undefined:undefined":9,"s:62:4:62:Infinity":30,"s:62:20:62:Infinity":31,"s:63:4:63:Infinity":32,"f:66:11:66:26":9,"s:67:4:67:Infinity":33,"f:70:11:70:25":10,"s:71:4:71:Infinity":34,"s:74:2:74:Infinity":35}}}
,"/mnt/c/Users/Pichau/OneDrive/Documentos/Productivity Challenge/src/persistence/inMemoryStorage.ts": {"path":"/mnt/c/Users/Pichau/OneDrive/Documentos/Productivity Challenge/src/persistence/inMemoryStorage.ts","statementMap":{"0":{"start":{"line":6,"column":15},"end":{"line":6,"column":51}},"1":{"start":{"line":7,"column":33},"end":{"line":7,"column":35}},"2":{"start":{"line":8,"column":19},"end":{"line":8,"column":44}},"3":{"start":{"line":9,"column":37},"end":{"line":9,"column":39}},"4":{"start":{"line":10,"column":45},"end":{"line":10,"column":47}},"5":{"start":{"line":12,"column":2},"end":{"line":85,"column":null}},"6":{"start":{"line":14,"column":6},"end":{"line":14,"column":null}},"7":{"start":{"line":18,"column":6},"end":{"line":19,"column":null}},"8":{"start":{"line":19,"column":8},"end":{"line":19,"column":null}},"9":{"start":{"line":24,"column":18},"end":{"line":24,"column":30}},"10":{"start":{"line":25,"column":6},"end":{"line":25,"column":null}},"11":{"start":{"line":25,"column":15},"end":{"line":25,"column":null}},"12":{"start":{"line":29,"column":6},"end":{"line":29,"column":null}},"13":{"start":{"line":33,"column":18},"end":{"line":33,"column":30}},"14":{"start":{"line":34,"column":6},"end":{"line":34,"column":null}},"15":{"start":{"line":34,"column":15},"end":{"line":34,"column":null}},"16":{"start":{"line":38,"column":18},"end":{"line":38,"column":30}},"17":{"start":{"line":39,"column":6},"end":{"line":39,"column":null}},"18":{"start":{"line":39,"column":15},"end":{"line":39,"column":null}},"19":{"start":{"line":43,"column":6},"end":{"line":43,"column":null}},"20":{"start":{"line":47,"column":6},"end":{"line":47,"column":null}},"21":{"start":{"line":47,"column":37},"end":{"line":47,"column":53}},"22":{"start":{"line":51,"column":6},"end":{"line":51,"column":null}},"23":{"start":{"line":51,"column":37},"end":{"line":51,"column":52}},"24":{"start":{"line":55,"column":6},"end":{"line":55,"column":null}},"25":{"start":{"line":59,"column":6},"end":{"line":59,"column":null}},"26":{"start":{"line":63,"column":6},"end":{"line":63,"column":null}},"27":{"start":{"line":67,"column":6},"end":{"line":67,"column":null}},"28":{"start":{"line":67,"column":39},"end":{"line":67,"column":55}},"29":{"start":{"line":71,"column":18},"end":{"line":71,"column":74}},"30":{"start":{"line":71,"column":51},"end":{"line":71,"column":74}},"31":{"start":{"line":72,"column":6},"end":{"line":73,"column":null}},"32":{"start":{"line":72,"column":20},"end":{"line":72,"column":null}},"33":{"start":{"line":73,"column":11},"end":{"line":73,"column":null}},"34":{"start":{"line":77,"column":6},"end":{"line":77,"column":null}},"35":{"start":{"line":77,"column":41},"end":{"line":77,"column":57}},"36":{"start":{"line":81,"column":6},"end":{"line":82,"column":null}},"37":{"start":{"line":82,"column":8},"end":{"line":82,"column":null}},"38":{"start":{"line":82,"column":35},"end":{"line":82,"column":49}},"39":{"start":{"line":82,"column":51},"end":{"line":82,"column":null}}},"fnMap":{"0":{"name":"createInMemoryStorage","decl":{"start":{"line":5,"column":16},"end":{"line":5,"column":49}},"loc":{"start":{"line":5,"column":49},"end":{"line":85,"column":null}},"line":5},"1":{"name":"(anonymous_1)","decl":{"start":{"line":13,"column":10},"end":{"line":13,"column":27}},"loc":{"start":{"line":13,"column":27},"end":{"line":14,"column":null}},"line":13},"2":{"name":"(anonymous_2)","decl":{"start":{"line":17,"column":10},"end":{"line":17,"column":23}},"loc":{"start":{"line":17,"column":33},"end":{"line":19,"column":null}},"line":17},"3":{"name":"(anonymous_3)","decl":{"start":{"line":23,"column":10},"end":{"line":23,"column":25}},"loc":{"start":{"line":23,"column":38},"end":{"line":25,"column":null}},"line":23},"4":{"name":"(anonymous_4)","decl":{"start":{"line":28,"column":10},"end":{"line":28,"column":25}},"loc":{"start":{"line":28,"column":29},"end":{"line":29,"column":null}},"line":28},"5":{"name":"(anonymous_5)","decl":{"start":{"line":32,"column":10},"end":{"line":32,"column":24}},"loc":{"start":{"line":32,"column":32},"end":{"line":34,"column":null}},"line":32},"6":{"name":"(anonymous_6)","decl":{"start":{"line":37,"column":10},"end":{"line":37,"column":19}},"loc":{"start":{"line":37,"column":30},"end":{"line":39,"column":null}},"line":37},"7":{"name":"(anonymous_7)","decl":{"start":{"line":42,"column":10},"end":{"line":42,"column":22}},"loc":{"start":{"line":42,"column":31},"end":{"line":43,"column":null}},"line":42},"8":{"name":"(anonymous_8)","decl":{"start":{"line":46,"column":10},"end":{"line":46,"column":29}},"loc":{"start":{"line":46,"column":35},"end":{"line":47,"column":null}},"line":46},"9":{"name":"(anonymous_9)","decl":{"start":{"line":47,"column":25},"end":{"line":47,"column":32}},"loc":{"start":{"line":47,"column":37},"end":{"line":47,"column":53}},"line":47},"10":{"name":"(anonymous_10)","decl":{"start":{"line":50,"column":10},"end":{"line":50,"column":28}},"loc":{"start":{"line":50,"column":34},"end":{"line":51,"column":null}},"line":50},"11":{"name":"(anonymous_11)","decl":{"start":{"line":51,"column":25},"end":{"line":51,"column":32}},"loc":{"start":{"line":51,"column":37},"end":{"line":51,"column":52}},"line":51},"12":{"name":"(anonymous_12)","decl":{"start":{"line":54,"column":10},"end":{"line":54,"column":21}},"loc":{"start":{"line":54,"column":26},"end":{"line":55,"column":null}},"line":54},"13":{"name":"(anonymous_13)","decl":{"start":{"line":58,"column":10},"end":{"line":58,"column":21}},"loc":{"start":{"line":58,"column":33},"end":{"line":59,"column":null}},"line":58},"14":{"name":"(anonymous_14)","decl":{"start":{"line":62,"column":10},"end":{"line":62,"column":24}},"loc":{"start":{"line":62,"column":35},"end":{"line":63,"column":null}},"line":62},"15":{"name":"(anonymous_15)","decl":{"start":{"line":66,"column":10},"end":{"line":66,"column":31}},"loc":{"start":{"line":66,"column":37},"end":{"line":67,"column":null}},"line":66},"16":{"name":"(anonymous_16)","decl":{"start":{"line":67,"column":27},"end":{"line":67,"column":34}},"loc":{"start":{"line":67,"column":39},"end":{"line":67,"column":55}},"line":67},"17":{"name":"(anonymous_17)","decl":{"start":{"line":70,"column":10},"end":{"line":70,"column":28}},"loc":{"start":{"line":70,"column":36},"end":{"line":73,"column":null}},"line":70},"18":{"name":"(anonymous_18)","decl":{"start":{"line":71,"column":36},"end":{"line":71,"column":46}},"loc":{"start":{"line":71,"column":51},"end":{"line":71,"column":74}},"line":71},"19":{"name":"(anonymous_19)","decl":{"start":{"line":76,"column":10},"end":{"line":76,"column":34}},"loc":{"start":{"line":76,"column":40},"end":{"line":77,"column":null}},"line":76},"20":{"name":"(anonymous_20)","decl":{"start":{"line":77,"column":31},"end":{"line":77,"column":36}},"loc":{"start":{"line":77,"column":41},"end":{"line":77,"column":57}},"line":77},"21":{"name":"(anonymous_21)","decl":{"start":{"line":80,"column":10},"end":{"line":80,"column":25}},"loc":{"start":{"line":80,"column":35},"end":{"line":82,"column":null}},"line":80},"22":{"name":"(anonymous_22)","decl":{"start":{"line":82,"column":25},"end":{"line":82,"column":30}},"loc":{"start":{"line":82,"column":35},"end":{"line":82,"column":49}},"line":82}},"branchMap":{"0":{"loc":{"start":{"line":18,"column":6},"end":{"line":19,"column":null}},"type":"if","locations":[{"start":{"line":18,"column":6},"end":{"line":19,"column":null}},{"start":{},"end":{}}],"line":18},"1":{"loc":{"start":{"line":25,"column":6},"end":{"line":25,"column":null}},"type":"if","locations":[{"start":{"line":25,"column":6},"end":{"line":25,"column":null}},{"start":{},"end":{}}],"line":25},"2":{"loc":{"start":{"line":34,"column":6},"end":{"line":34,"column":null}},"type":"if","locations":[{"start":{"line":34,"column":6},"end":{"line":34,"column":null}},{"start":{},"end":{}}],"line":34},"3":{"loc":{"start":{"line":39,"column":6},"end":{"line":39,"column":null}},"type":"if","locations":[{"start":{"line":39,"column":6},"end":{"line":39,"column":null}},{"start":{},"end":{}}],"line":39},"4":{"loc":{"start":{"line":55,"column":13},"end":{"line":55,"column":null}},"type":"binary-expr","locations":[{"start":{"line":55,"column":13},"end":{"line":55,"column":30}},{"start":{"line":55,"column":34},"end":{"line":55,"column":null}}],"line":55},"5":{"loc":{"start":{"line":72,"column":6},"end":{"line":73,"column":null}},"type":"if","locations":[{"start":{"line":72,"column":6},"end":{"line":73,"column":null}},{"start":{"line":73,"column":11},"end":{"line":73,"column":null}}],"line":72},"6":{"loc":{"start":{"line":77,"column":13},"end":{"line":77,"column":null}},"type":"binary-expr","locations":[{"start":{"line":77,"column":13},"end":{"line":77,"column":57}},{"start":{"line":77,"column":61},"end":{"line":77,"column":null}}],"line":77},"7":{"loc":{"start":{"line":82,"column":8},"end":{"line":82,"column":null}},"type":"if","locations":[{"start":{"line":82,"column":8},"end":{"line":82,"column":null}},{"start":{},"end":{}}],"line":82}},"s":{"0":73,"1":73,"2":73,"3":73,"4":73,"5":73,"6":40,"7":38,"8":37,"9":3,"10":3,"11":3,"12":4,"13":2,"14":2,"15":1,"16":2,"17":2,"18":1,"19":21,"20":5,"21":6,"22":29,"23":15,"24":129,"25":6,"26":3,"27":19,"28":3,"29":3,"30":1,"31":3,"32":1,"33":2,"34":19,"35":2,"36":4,"37":4,"38":2,"39":3},"f":{"0":73,"1":40,"2":38,"3":3,"4":4,"5":2,"6":2,"7":21,"8":5,"9":6,"10":29,"11":15,"12":129,"13":6,"14":3,"15":19,"16":3,"17":3,"18":1,"19":19,"20":2,"21":4,"22":2},"b":{"0":[37,1],"1":[3,0],"2":[1,1],"3":[1,1],"4":[129,125],"5":[1,2],"6":[19,17],"7":[3,1]},"meta":{"lastBranch":8,"lastFunction":23,"lastStatement":40,"seen":{"f:5:16:5:49":0,"s:6:15:6:51":0,"s:7:33:7:35":1,"s:8:19:8:44":2,"s:9:37:9:39":3,"s:10:45:10:47":4,"s:12:2:85:Infinity":5,"f:13:10:13:27":1,"s:14:6:14:Infinity":6,"f:17:10:17:23":2,"b:18:6:19:Infinity:undefined:undefined:undefined:undefined":0,"s:18:6:19:Infinity":7,"s:19:8:19:Infinity":8,"f:23:10:23:25":3,"s:24:18:24:30":9,"b:25:6:25:Infinity:undefined:undefined:undefined:undefined":1,"s:25:6:25:Infinity":10,"s:25:15:25:Infinity":11,"f:28:10:28:25":4,"s:29:6:29:Infinity":12,"f:32:10:32:24":5,"s:33:18:33:30":13,"b:34:6:34:Infinity:undefined:undefined:undefined:undefined":2,"s:34:6:34:Infinity":14,"s:34:15:34:Infinity":15,"f:37:10:37:19":6,"s:38:18:38:30":16,"b:39:6:39:Infinity:undefined:undefined:undefined:undefined":3,"s:39:6:39:Infinity":17,"s:39:15:39:Infinity":18,"f:42:10:42:22":7,"s:43:6:43:Infinity":19,"f:46:10:46:29":8,"s:47:6:47:Infinity":20,"f:47:25:47:32":9,"s:47:37:47:53":21,"f:50:10:50:28":10,"s:51:6:51:Infinity":22,"f:51:25:51:32":11,"s:51:37:51:52":23,"f:54:10:54:21":12,"s:55:6:55:Infinity":24,"b:55:13:55:30:55:34:55:Infinity":4,"f:58:10:58:21":13,"s:59:6:59:Infinity":25,"f:62:10:62:24":14,"s:63:6:63:Infinity":26,"f:66:10:66:31":15,"s:67:6:67:Infinity":27,"f:67:27:67:34":16,"s:67:39:67:55":28,"f:70:10:70:28":17,"s:71:18:71:74":29,"f:71:36:71:46":18,"s:71:51:71:74":30,"b:72:6:73:Infinity:73:11:73:Infinity":5,"s:72:6:73:Infinity":31,"s:72:20:72:Infinity":32,"s:73:11:73:Infinity":33,"f:76:10:76:34":19,"s:77:6:77:Infinity":34,"b:77:13:77:57:77:61:77:Infinity":6,"f:77:31:77:36":20,"s:77:41:77:57":35,"f:80:10:80:25":21,"s:81:6:82:Infinity":36,"b:82:8:82:Infinity:undefined:undefined:undefined:undefined":7,"s:82:8:82:Infinity":37,"f:82:25:82:30":22,"s:82:35:82:49":38,"s:82:51:82:Infinity":39}}}
,"/mnt/c/Users/Pichau/OneDrive/Documentos/Productivity Challenge/src/store/useTimerStore.ts": {"path":"/mnt/c/Users/Pichau/OneDrive/Documentos/Productivity Challenge/src/store/useTimerStore.ts","statementMap":{"0":{"start":{"line":28,"column":13},"end":{"line":62,"column":3}},"1":{"start":{"line":28,"column":75},"end":{"line":62,"column":3}},"2":{"start":{"line":32,"column":4},"end":{"line":32,"column":null}},"3":{"start":{"line":36,"column":4},"end":{"line":36,"column":null}},"4":{"start":{"line":40,"column":4},"end":{"line":40,"column":null}},"5":{"start":{"line":44,"column":4},"end":{"line":44,"column":null}},"6":{"start":{"line":48,"column":4},"end":{"line":48,"column":null}},"7":{"start":{"line":52,"column":4},"end":{"line":52,"column":null}},"8":{"start":{"line":56,"column":4},"end":{"line":56,"column":null}},"9":{"start":{"line":60,"column":4},"end":{"line":60,"column":null}}},"fnMap":{"0":{"name":"(anonymous_0)","decl":{"start":{"line":28,"column":29},"end":{"line":28,"column":61}},"loc":{"start":{"line":28,"column":75},"end":{"line":62,"column":3}},"line":28},"1":{"name":"(anonymous_1)","decl":{"start":{"line":31,"column":2},"end":{"line":31,"column":14}},"loc":{"start":{"line":31,"column":20},"end":{"line":32,"column":null}},"line":31},"2":{"name":"(anonymous_2)","decl":{"start":{"line":35,"column":2},"end":{"line":35,"column":13}},"loc":{"start":{"line":35,"column":17},"end":{"line":36,"column":null}},"line":35},"3":{"name":"(anonymous_3)","decl":{"start":{"line":39,"column":2},"end":{"line":39,"column":12}},"loc":{"start":{"line":39,"column":21},"end":{"line":40,"column":null}},"line":39},"4":{"name":"(anonymous_4)","decl":{"start":{"line":43,"column":2},"end":{"line":43,"column":17}},"loc":{"start":{"line":43,"column":21},"end":{"line":44,"column":null}},"line":43},"5":{"name":"(anonymous_5)","decl":{"start":{"line":47,"column":2},"end":{"line":47,"column":17}},"loc":{"start":{"line":47,"column":30},"end":{"line":48,"column":null}},"line":47},"6":{"name":"(anonymous_6)","decl":{"start":{"line":51,"column":2},"end":{"line":51,"column":16}},"loc":{"start":{"line":51,"column":24},"end":{"line":52,"column":null}},"line":51},"7":{"name":"(anonymous_7)","decl":{"start":{"line":55,"column":2},"end":{"line":55,"column":19}},"loc":{"start":{"line":55,"column":30},"end":{"line":56,"column":null}},"line":55},"8":{"name":"(anonymous_8)","decl":{"start":{"line":59,"column":2},"end":{"line":59,"column":16}},"loc":{"start":{"line":59,"column":25},"end":{"line":60,"column":null}},"line":59}},"branchMap":{},"s":{"0":3,"1":3,"2":23,"3":8,"4":2,"5":2,"6":2,"7":0,"8":0,"9":0},"f":{"0":3,"1":23,"2":8,"3":2,"4":2,"5":2,"6":0,"7":0,"8":0},"b":{},"meta":{"lastBranch":0,"lastFunction":9,"lastStatement":10,"seen":{"s:28:13:62:3":0,"f:28:29:28:61":0,"s:28:75:62:3":1,"f:31:2:31:14":1,"s:32:4:32:Infinity":2,"f:35:2:35:13":2,"s:36:4:36:Infinity":3,"f:39:2:39:12":3,"s:40:4:40:Infinity":4,"f:43:2:43:17":4,"s:44:4:44:Infinity":5,"f:47:2:47:17":5,"s:48:4:48:Infinity":6,"f:51:2:51:16":6,"s:52:4:52:Infinity":7,"f:55:2:55:19":7,"s:56:4:56:Infinity":8,"f:59:2:59:16":8,"s:60:4:60:Infinity":9}}}
,"/mnt/c/Users/Pichau/OneDrive/Documentos/Productivity Challenge/src/store/useTimerStoreHook.ts": {"path":"/mnt/c/Users/Pichau/OneDrive/Documentos/Productivity Challenge/src/store/useTimerStoreHook.ts","statementMap":{"0":{"start":{"line":5,"column":2},"end":{"line":5,"column":null}}},"fnMap":{"0":{"name":"useTimerState","decl":{"start":{"line":4,"column":16},"end":{"line":4,"column":44}},"loc":{"start":{"line":4,"column":44},"end":{"line":5,"column":null}},"line":4}},"branchMap":{},"s":{"0":115},"f":{"0":115},"b":{},"meta":{"lastBranch":0,"lastFunction":1,"lastStatement":1,"seen":{"f:4:16:4:44":0,"s:5:2:5:Infinity":0}}}
,"/mnt/c/Users/Pichau/OneDrive/Documentos/Productivity Challenge/src/tests/stubs/tauri-plugin-global-shortcut.ts": {"path":"/mnt/c/Users/Pichau/OneDrive/Documentos/Productivity Challenge/src/tests/stubs/tauri-plugin-global-shortcut.ts","statementMap":{},"fnMap":{"0":{"name":"register","decl":{"start":{"line":1,"column":22},"end":{"line":1,"column":31}},"loc":{"start":{"line":1,"column":87},"end":{"line":1,"column":null}},"line":1},"1":{"name":"unregister","decl":{"start":{"line":2,"column":22},"end":{"line":2,"column":33}},"loc":{"start":{"line":2,"column":67},"end":{"line":2,"column":null}},"line":2}},"branchMap":{},"s":{},"f":{"0":16,"1":14},"b":{},"meta":{"lastBranch":0,"lastFunction":2,"lastStatement":0,"seen":{"f:1:22:1:31":0,"f:2:22:2:33":1}}}
}
